#
# A fatal error has been detected by the Java Runtime Environment:
#
#  SIGSEGV (0xb) at pc=0x00007fa835d92868, pid=24186, tid=24186
#
# JRE version: OpenJDK Runtime Environment (11.0.4+11) (build 11.0.4+11-post-Ubuntu-1ubuntu219.04)
# Java VM: OpenJDK 64-Bit Server VM (11.0.4+11-post-Ubuntu-1ubuntu219.04, mixed mode, sharing, tiered, compressed oops, g1 gc, linux-amd64)
# Problematic frame:
# V  [libjvm.so+0xb23868]
#
# Core dump will be written. Default location: Core dumps may be processed with "/usr/share/apport/apport %p %s %c %d %P" (or dumping to /home/hishamalip/Desktop/result_analysis/core.24186)
#
# If you would like to submit a bug report, please visit:
#   https://bugs.launchpad.net/ubuntu/+source/openjdk-lts
#

---------------  S U M M A R Y ------------

Command Line: /home/hishamalip/.local/lib/python3.7/site-packages/tabula/tabula-1.0.3-jar-with-dependencies.jar --pages all --guess --format CSV --outfile s4.csv /home/hishamalip/Desktop/result_analysis/views/s4.pdf

Host: AMD Ryzen 5 2500U with Radeon Vega Mobile Gfx, 8 cores, 7G, Ubuntu 19.04
Time: Thu Nov 21 00:32:37 2019 IST elapsed time: 3 seconds (0d 0h 0m 3s)

---------------  T H R E A D  ---------------

Current thread is native thread

Stack: [0x00007ffc9ace2000,0x00007ffc9b4e0000],  sp=0x00007ffc9b4da830,  free space=8162k
Native frames: (J=compiled Java code, A=aot compiled Java code, j=interpreted, Vv=VM code, C=native code)
V  [libjvm.so+0xb23868]


siginfo: si_signo: 11 (SIGSEGV), si_code: 1 (SEGV_MAPERR), si_addr: 0x00000000000000d0

Register to memory mapping:

RAX=0x0 is NULL
RBX=
[error occurred during error reporting (printing register info), id 0xb, SIGSEGV (0xb) at pc=0x00007fa835f33b18]

Registers:
RAX=0x0000000000000000, RBX=0x00007fa836385380, RCX=0x00007fa836390657, RDX=0x0000000000000000
RSP=0x00007ffc9b4da830, RBP=0x00007ffc9b4da8f0, RSI=0x00007ffc9b4daa30, RDI=0x0000000000000001
R8 =0x0000000000000000, R9 =0x00007fa834f24700, R10=0x0000000000000000, R11=0x0000000000000246
R12=0x0000000000000000, R13=0x00007ffc9b4daa30, R14=0x00007ffc9b4da900, R15=0x00000000000000ca
RIP=0x00007fa835d92868, EFLAGS=0x0000000000010246, CSGSFS=0x002b000000000033, ERR=0x0000000000000004
  TRAPNO=0x000000000000000e

Top of Stack: (sp=0x00007ffc9b4da830)
0x00007ffc9b4da830:   00007fa8365dd550 00007fa836349a00
0x00007ffc9b4da840:   0000000000000004 00007fa8363d0488
0x00007ffc9b4da850:   00007fa8363de1e0 000000007972d654
0x00007ffc9b4da860:   00007fa83638a61e 0000000001e5cb59 

Instructions: (pc=0x00007fa835d92868)
0x00007fa835d92768:   ef 4c 89 f2 48 89 de e8 ac b9 74 ff 4c 89 e7 e8
0x00007fa835d92778:   04 bd 74 ff 48 81 c4 08 01 00 00 5b 41 5c 41 5d
0x00007fa835d92788:   41 5e 41 5f 5d c3 66 90 4c 89 e2 be 00 01 00 00
0x00007fa835d92798:   48 89 df e8 50 bf 74 ff 48 85 c0 74 ac 48 8d 35
0x00007fa835d927a8:   83 43 2e 00 48 89 df e8 3c bd 74 ff 48 85 c0 75
0x00007fa835d927b8:   1f 48 8d 35 84 43 2e 00 48 89 df e8 28 bd 74 ff
0x00007fa835d927c8:   48 85 c0 0f 84 80 ff ff ff 0f 1f 80 00 00 00 00
0x00007fa835d927d8:   be 22 00 00 00 48 89 df e8 9b bd 74 ff 48 85 c0
0x00007fa835d927e8:   74 26 48 8d 58 01 be 22 00 00 00 48 89 df e8 85
0x00007fa835d927f8:   bd 74 ff 48 85 c0 0f 85 5f ff ff ff e9 5d ff ff
0x00007fa835d92808:   ff 0f 1f 80 00 00 00 00 48 89 df be 3d 00 00 00
0x00007fa835d92818:   e8 63 bd 74 ff 48 8d 58 01 e9 2b ff ff ff 66 2e
0x00007fa835d92828:   0f 1f 84 00 00 00 00 00 55 48 89 e5 41 57 41 56
0x00007fa835d92838:   49 89 d6 41 55 49 89 f5 41 54 53 48 81 ec 98 00
0x00007fa835d92848:   00 00 e8 31 c4 74 ff 48 89 c3 44 8b 20 e8 86 fc
0x00007fa835d92858:   19 00 31 d2 84 c0 74 08 e8 8b fc 19 00 48 89 c2
0x00007fa835d92868:   48 83 ba d0 00 00 00 00 74 16 4c 8b ba 68 02 00
0x00007fa835d92878:   00 41 8b 87 a8 00 00 00 83 f8 01 74 1b 44 89 23
0x00007fa835d92888:   48 81 c4 98 00 00 00 5b 41 5c 41 5d 41 5e 41 5f
0x00007fa835d92898:   5d c3 66 0f 1f 44 00 00 4c 89 ad 48 ff ff ff ba
0x00007fa835d928a8:   02 00 00 00 be 01 00 00 00 f3 0f 7e 85 48 ff ff
0x00007fa835d928b8:   ff 4c 89 b5 48 ff ff ff 4d 8d af a8 00 00 00 4c
0x00007fa835d928c8:   89 ef 0f 16 85 48 ff ff ff 41 0f 11 87 b0 00 00
0x00007fa835d928d8:   00 e8 32 bd ff ff 83 f8 02 74 3d 85 c0 75 11 66
0x00007fa835d928e8:   0f ef c0 41 0f 11 87 b0 00 00 00 eb 90 0f 1f 00
0x00007fa835d928f8:   48 8d 05 a9 79 56 00 be 8c 11 00 00 48 8d 3d 2d
0x00007fa835d92908:   4b 2e 00 48 8b 00 c6 00 58 e8 ba 5f af ff eb cf
0x00007fa835d92918:   0f 1f 84 00 00 00 00 00 4c 8d b5 50 ff ff ff 4c
0x00007fa835d92928:   89 f7 e8 c1 bf 74 ff 4c 89 f2 31 f6 31 ff e8 c5
0x00007fa835d92938:   c0 74 ff 8b 35 af 18 58 00 4c 89 f7 e8 97 bc 74
0x00007fa835d92948:   ff be 01 00 00 00 48 8d 3d ab 76 5c 00 e8 36 45
0x00007fa835d92958:   0c 00 66 0f 1f 44 00 00 4c 89 f7 e8 78 c3 74 ff 


Stack slot to memory mapping:
stack at sp + 0 slots: 
[error occurred during error reporting (inspecting top of stack), id 0xb, SIGSEGV (0xb) at pc=0x00007fa835f33b18]


---------------  P R O C E S S  ---------------

VM state:not at safepoint (normal execution)

VM Mutex/Monitor currently owned by a thread: None

Heap address: 0x0000000089800000, size: 1896 MB, Compressed Oops mode: 32-bit
Narrow klass base: 0x0000000800000000, Narrow klass shift: 3
Compressed class space size: 1073741824 Address: 0x0000000840000000

Heap:
 garbage-first heap   total 183296K, used 65647K [0x0000000089800000, 0x0000000100000000)
  region size 1024K, 46 young (47104K), 8 survivors (8192K)
 Metaspace       used 9207K, capacity 9499K, committed 9728K, reserved 1058816K
  class space    used 817K, capacity 914K, committed 1024K, reserved 1048576K
Heap Regions: E=young(eden), S=young(survivor), O=old, HS=humongous(starts), HC=humongous(continues), CS=collection set, F=free, A=archive, TAMS=top-at-mark-start (previous, next)
|   0|0x0000000089800000, 0x0000000089900000, 0x0000000089900000|100%| O|  |TAMS 0x0000000089800000, 0x0000000089800000| Untracked 
|   1|0x0000000089900000, 0x0000000089a00000, 0x0000000089a00000|100%|HS|  |TAMS 0x0000000089900000, 0x0000000089900000| Complete 
|   2|0x0000000089a00000, 0x0000000089b00000, 0x0000000089b00000|100%| O|  |TAMS 0x0000000089a00000, 0x0000000089a00000| Untracked 
|   3|0x0000000089b00000, 0x0000000089c00000, 0x0000000089c00000|100%| O|  |TAMS 0x0000000089b00000, 0x0000000089b00000| Untracked 
|   4|0x0000000089c00000, 0x0000000089d00000, 0x0000000089d00000|100%|HS|  |TAMS 0x0000000089c00000, 0x0000000089c00000| Complete 
|   5|0x0000000089d00000, 0x0000000089e00000, 0x0000000089e00000|100%|HC|  |TAMS 0x0000000089d00000, 0x0000000089d00000| Complete 
|   6|0x0000000089e00000, 0x0000000089e00000, 0x0000000089f00000|  0%| F|  |TAMS 0x0000000089e00000, 0x0000000089e00000| Untracked 
|   7|0x0000000089f00000, 0x0000000089f00000, 0x000000008a000000|  0%| F|  |TAMS 0x0000000089f00000, 0x0000000089f00000| Untracked 
|   8|0x000000008a000000, 0x000000008a100000, 0x000000008a100000|100%| O|  |TAMS 0x000000008a000000, 0x000000008a000000| Untracked 
|   9|0x000000008a100000, 0x000000008a200000, 0x000000008a200000|100%| O|  |TAMS 0x000000008a100000, 0x000000008a100000| Untracked 
|  10|0x000000008a200000, 0x000000008a300000, 0x000000008a300000|100%| O|  |TAMS 0x000000008a200000, 0x000000008a200000| Untracked 
|  11|0x000000008a300000, 0x000000008a400000, 0x000000008a400000|100%| O|  |TAMS 0x000000008a300000, 0x000000008a300000| Untracked 
|  12|0x000000008a400000, 0x000000008a500000, 0x000000008a500000|100%| O|  |TAMS 0x000000008a400000, 0x000000008a400000| Untracked 
|  13|0x000000008a500000, 0x000000008a600000, 0x000000008a600000|100%| O|  |TAMS 0x000000008a500000, 0x000000008a500000| Untracked 
|  14|0x000000008a600000, 0x000000008a700000, 0x000000008a700000|100%| O|  |TAMS 0x000000008a600000, 0x000000008a600000| Untracked 
|  15|0x000000008a700000, 0x000000008a800000, 0x000000008a800000|100%| O|  |TAMS 0x000000008a700000, 0x000000008a700000| Untracked 
|  16|0x000000008a800000, 0x000000008a900000, 0x000000008a900000|100%| O|  |TAMS 0x000000008a800000, 0x000000008a800000| Untracked 
|  17|0x000000008a900000, 0x000000008a91c200, 0x000000008aa00000| 10%| O|  |TAMS 0x000000008a900000, 0x000000008a900000| Untracked 
|  18|0x000000008aa00000, 0x000000008ab00000, 0x000000008ab00000|100%|HS|  |TAMS 0x000000008aa00000, 0x000000008aa00000| Complete 
|  19|0x000000008ab00000, 0x000000008ac00000, 0x000000008ac00000|100%|HC|  |TAMS 0x000000008ab00000, 0x000000008ab00000| Complete 
|  20|0x000000008ac00000, 0x000000008ac00000, 0x000000008ad00000|  0%| F|  |TAMS 0x000000008ac00000, 0x000000008ac00000| Untracked 
|  21|0x000000008ad00000, 0x000000008ad00000, 0x000000008ae00000|  0%| F|  |TAMS 0x000000008ad00000, 0x000000008ad00000| Untracked 
|  22|0x000000008ae00000, 0x000000008af00000, 0x000000008af00000|100%|HS|  |TAMS 0x000000008ae00000, 0x000000008ae00000| Complete 
|  23|0x000000008af00000, 0x000000008b000000, 0x000000008b000000|100%|HC|  |TAMS 0x000000008af00000, 0x000000008af00000| Complete 
|  24|0x000000008b000000, 0x000000008b000000, 0x000000008b100000|  0%| F|  |TAMS 0x000000008b000000, 0x000000008b000000| Untracked 
|  25|0x000000008b100000, 0x000000008b100000, 0x000000008b200000|  0%| F|  |TAMS 0x000000008b100000, 0x000000008b100000| Untracked 
|  26|0x000000008b200000, 0x000000008b200000, 0x000000008b300000|  0%| F|  |TAMS 0x000000008b200000, 0x000000008b200000| Untracked 
|  27|0x000000008b300000, 0x000000008b300000, 0x000000008b400000|  0%| F|  |TAMS 0x000000008b300000, 0x000000008b300000| Untracked 
|  28|0x000000008b400000, 0x000000008b400000, 0x000000008b500000|  0%| F|  |TAMS 0x000000008b400000, 0x000000008b400000| Untracked 
|  29|0x000000008b500000, 0x000000008b500000, 0x000000008b600000|  0%| F|  |TAMS 0x000000008b500000, 0x000000008b500000| Untracked 
|  30|0x000000008b600000, 0x000000008b600000, 0x000000008b700000|  0%| F|  |TAMS 0x000000008b600000, 0x000000008b600000| Untracked 
|  31|0x000000008b700000, 0x000000008b700000, 0x000000008b800000|  0%| F|  |TAMS 0x000000008b700000, 0x000000008b700000| Untracked 
|  32|0x000000008b800000, 0x000000008b800000, 0x000000008b900000|  0%| F|  |TAMS 0x000000008b800000, 0x000000008b800000| Untracked 
|  33|0x000000008b900000, 0x000000008b900000, 0x000000008ba00000|  0%| F|  |TAMS 0x000000008b900000, 0x000000008b900000| Untracked 
|  34|0x000000008ba00000, 0x000000008ba00000, 0x000000008bb00000|  0%| F|  |TAMS 0x000000008ba00000, 0x000000008ba00000| Untracked 
|  35|0x000000008bb00000, 0x000000008bb00000, 0x000000008bc00000|  0%| F|  |TAMS 0x000000008bb00000, 0x000000008bb00000| Untracked 
|  36|0x000000008bc00000, 0x000000008bc00000, 0x000000008bd00000|  0%| F|  |TAMS 0x000000008bc00000, 0x000000008bc00000| Untracked 
|  37|0x000000008bd00000, 0x000000008bd00000, 0x000000008be00000|  0%| F|  |TAMS 0x000000008bd00000, 0x000000008bd00000| Untracked 
|  38|0x000000008be00000, 0x000000008be00000, 0x000000008bf00000|  0%| F|  |TAMS 0x000000008be00000, 0x000000008be00000| Untracked 
|  39|0x000000008bf00000, 0x000000008bf00000, 0x000000008c000000|  0%| F|  |TAMS 0x000000008bf00000, 0x000000008bf00000| Untracked 
|  40|0x000000008c000000, 0x000000008c000000, 0x000000008c100000|  0%| F|  |TAMS 0x000000008c000000, 0x000000008c000000| Untracked 
|  41|0x000000008c100000, 0x000000008c100000, 0x000000008c200000|  0%| F|  |TAMS 0x000000008c100000, 0x000000008c100000| Untracked 
|  42|0x000000008c200000, 0x000000008c200000, 0x000000008c300000|  0%| F|  |TAMS 0x000000008c200000, 0x000000008c200000| Untracked 
|  43|0x000000008c300000, 0x000000008c300000, 0x000000008c400000|  0%| F|  |TAMS 0x000000008c300000, 0x000000008c300000| Untracked 
|  44|0x000000008c400000, 0x000000008c400000, 0x000000008c500000|  0%| F|  |TAMS 0x000000008c400000, 0x000000008c400000| Untracked 
|  45|0x000000008c500000, 0x000000008c500000, 0x000000008c600000|  0%| F|  |TAMS 0x000000008c500000, 0x000000008c500000| Untracked 
|  46|0x000000008c600000, 0x000000008c600000, 0x000000008c700000|  0%| F|  |TAMS 0x000000008c600000, 0x000000008c600000| Untracked 
|  47|0x000000008c700000, 0x000000008c700000, 0x000000008c800000|  0%| F|  |TAMS 0x000000008c700000, 0x000000008c700000| Untracked 
|  48|0x000000008c800000, 0x000000008c800000, 0x000000008c900000|  0%| F|  |TAMS 0x000000008c800000, 0x000000008c800000| Untracked 
|  49|0x000000008c900000, 0x000000008c900000, 0x000000008ca00000|  0%| F|  |TAMS 0x000000008c900000, 0x000000008c900000| Untracked 
|  50|0x000000008ca00000, 0x000000008ca00000, 0x000000008cb00000|  0%| F|  |TAMS 0x000000008ca00000, 0x000000008ca00000| Untracked 
|  51|0x000000008cb00000, 0x000000008cb00000, 0x000000008cc00000|  0%| F|  |TAMS 0x000000008cb00000, 0x000000008cb00000| Untracked 
|  52|0x000000008cc00000, 0x000000008cc00000, 0x000000008cd00000|  0%| F|  |TAMS 0x000000008cc00000, 0x000000008cc00000| Untracked 
|  53|0x000000008cd00000, 0x000000008cd00000, 0x000000008ce00000|  0%| F|  |TAMS 0x000000008cd00000, 0x000000008cd00000| Untracked 
|  54|0x000000008ce00000, 0x000000008ce00000, 0x000000008cf00000|  0%| F|  |TAMS 0x000000008ce00000, 0x000000008ce00000| Untracked 
|  55|0x000000008cf00000, 0x000000008cf00000, 0x000000008d000000|  0%| F|  |TAMS 0x000000008cf00000, 0x000000008cf00000| Untracked 
|  56|0x000000008d000000, 0x000000008d000000, 0x000000008d100000|  0%| F|  |TAMS 0x000000008d000000, 0x000000008d000000| Untracked 
|  57|0x000000008d100000, 0x000000008d100000, 0x000000008d200000|  0%| F|  |TAMS 0x000000008d100000, 0x000000008d100000| Untracked 
|  58|0x000000008d200000, 0x000000008d200000, 0x000000008d300000|  0%| F|  |TAMS 0x000000008d200000, 0x000000008d200000| Untracked 
|  59|0x000000008d300000, 0x000000008d300000, 0x000000008d400000|  0%| F|  |TAMS 0x000000008d300000, 0x000000008d300000| Untracked 
|  60|0x000000008d400000, 0x000000008d400000, 0x000000008d500000|  0%| F|  |TAMS 0x000000008d400000, 0x000000008d400000| Untracked 
|  61|0x000000008d500000, 0x000000008d500000, 0x000000008d600000|  0%| F|  |TAMS 0x000000008d500000, 0x000000008d500000| Untracked 
|  62|0x000000008d600000, 0x000000008d661a90, 0x000000008d700000| 38%| S|CS|TAMS 0x000000008d600000, 0x000000008d600000| Complete 
|  63|0x000000008d700000, 0x000000008d800000, 0x000000008d800000|100%| S|CS|TAMS 0x000000008d700000, 0x000000008d700000| Complete 
|  64|0x000000008d800000, 0x000000008d900000, 0x000000008d900000|100%| S|CS|TAMS 0x000000008d800000, 0x000000008d800000| Complete 
|  65|0x000000008d900000, 0x000000008da00000, 0x000000008da00000|100%| S|CS|TAMS 0x000000008d900000, 0x000000008d900000| Complete 
|  66|0x000000008da00000, 0x000000008db00000, 0x000000008db00000|100%| S|CS|TAMS 0x000000008da00000, 0x000000008da00000| Complete 
|  67|0x000000008db00000, 0x000000008dc00000, 0x000000008dc00000|100%| S|CS|TAMS 0x000000008db00000, 0x000000008db00000| Complete 
|  68|0x000000008dc00000, 0x000000008dd00000, 0x000000008dd00000|100%| S|CS|TAMS 0x000000008dc00000, 0x000000008dc00000| Complete 
|  69|0x000000008dd00000, 0x000000008de00000, 0x000000008de00000|100%| S|CS|TAMS 0x000000008dd00000, 0x000000008dd00000| Complete 
|  70|0x000000008de00000, 0x000000008de00000, 0x000000008df00000|  0%| F|  |TAMS 0x000000008de00000, 0x000000008de00000| Untracked 
|  71|0x000000008df00000, 0x000000008df00000, 0x000000008e000000|  0%| F|  |TAMS 0x000000008df00000, 0x000000008df00000| Untracked 
|  72|0x000000008e000000, 0x000000008e000000, 0x000000008e100000|  0%| F|  |TAMS 0x000000008e000000, 0x000000008e000000| Untracked 
|  73|0x000000008e100000, 0x000000008e100000, 0x000000008e200000|  0%| F|  |TAMS 0x000000008e100000, 0x000000008e100000| Untracked 
|  74|0x000000008e200000, 0x000000008e200000, 0x000000008e300000|  0%| F|  |TAMS 0x000000008e200000, 0x000000008e200000| Untracked 
|  75|0x000000008e300000, 0x000000008e300000, 0x000000008e400000|  0%| F|  |TAMS 0x000000008e300000, 0x000000008e300000| Untracked 
|  76|0x000000008e400000, 0x000000008e400000, 0x000000008e500000|  0%| F|  |TAMS 0x000000008e400000, 0x000000008e400000| Untracked 
|  77|0x000000008e500000, 0x000000008e500000, 0x000000008e600000|  0%| F|  |TAMS 0x000000008e500000, 0x000000008e500000| Untracked 
|  78|0x000000008e600000, 0x000000008e600000, 0x000000008e700000|  0%| F|  |TAMS 0x000000008e600000, 0x000000008e600000| Untracked 
|  79|0x000000008e700000, 0x000000008e700000, 0x000000008e800000|  0%| F|  |TAMS 0x000000008e700000, 0x000000008e700000| Untracked 
|  80|0x000000008e800000, 0x000000008e800000, 0x000000008e900000|  0%| F|  |TAMS 0x000000008e800000, 0x000000008e800000| Untracked 
|  81|0x000000008e900000, 0x000000008e900000, 0x000000008ea00000|  0%| F|  |TAMS 0x000000008e900000, 0x000000008e900000| Untracked 
|  82|0x000000008ea00000, 0x000000008ea00000, 0x000000008eb00000|  0%| F|  |TAMS 0x000000008ea00000, 0x000000008ea00000| Untracked 
|  83|0x000000008eb00000, 0x000000008eb00000, 0x000000008ec00000|  0%| F|  |TAMS 0x000000008eb00000, 0x000000008eb00000| Untracked 
|  84|0x000000008ec00000, 0x000000008ec00000, 0x000000008ed00000|  0%| F|  |TAMS 0x000000008ec00000, 0x000000008ec00000| Untracked 
|  85|0x000000008ed00000, 0x000000008ed00000, 0x000000008ee00000|  0%| F|  |TAMS 0x000000008ed00000, 0x000000008ed00000| Untracked 
|  86|0x000000008ee00000, 0x000000008ee00000, 0x000000008ef00000|  0%| F|  |TAMS 0x000000008ee00000, 0x000000008ee00000| Untracked 
|  87|0x000000008ef00000, 0x000000008ef00000, 0x000000008f000000|  0%| F|  |TAMS 0x000000008ef00000, 0x000000008ef00000| Untracked 
|  88|0x000000008f000000, 0x000000008f000000, 0x000000008f100000|  0%| F|  |TAMS 0x000000008f000000, 0x000000008f000000| Untracked 
|  89|0x000000008f100000, 0x000000008f100000, 0x000000008f200000|  0%| F|  |TAMS 0x000000008f100000, 0x000000008f100000| Untracked 
|  90|0x000000008f200000, 0x000000008f200000, 0x000000008f300000|  0%| F|  |TAMS 0x000000008f200000, 0x000000008f200000| Untracked 
|  91|0x000000008f300000, 0x000000008f300000, 0x000000008f400000|  0%| F|  |TAMS 0x000000008f300000, 0x000000008f300000| Untracked 
|  92|0x000000008f400000, 0x000000008f400000, 0x000000008f500000|  0%| F|  |TAMS 0x000000008f400000, 0x000000008f400000| Untracked 
|  93|0x000000008f500000, 0x000000008f500000, 0x000000008f600000|  0%| F|  |TAMS 0x000000008f500000, 0x000000008f500000| Untracked 
|  94|0x000000008f600000, 0x000000008f600000, 0x000000008f700000|  0%| F|  |TAMS 0x000000008f600000, 0x000000008f600000| Untracked 
|  95|0x000000008f700000, 0x000000008f700000, 0x000000008f800000|  0%| F|  |TAMS 0x000000008f700000, 0x000000008f700000| Untracked 
|  96|0x000000008f800000, 0x000000008f800000, 0x000000008f900000|  0%| F|  |TAMS 0x000000008f800000, 0x000000008f800000| Untracked 
|  97|0x000000008f900000, 0x000000008f900000, 0x000000008fa00000|  0%| F|  |TAMS 0x000000008f900000, 0x000000008f900000| Untracked 
|  98|0x000000008fa00000, 0x000000008fa00000, 0x000000008fb00000|  0%| F|  |TAMS 0x000000008fa00000, 0x000000008fa00000| Untracked 
|  99|0x000000008fb00000, 0x000000008fb00000, 0x000000008fc00000|  0%| F|  |TAMS 0x000000008fb00000, 0x000000008fb00000| Untracked 
| 100|0x000000008fc00000, 0x000000008fc00000, 0x000000008fd00000|  0%| F|  |TAMS 0x000000008fc00000, 0x000000008fc00000| Untracked 
| 101|0x000000008fd00000, 0x000000008fd00000, 0x000000008fe00000|  0%| F|  |TAMS 0x000000008fd00000, 0x000000008fd00000| Untracked 
| 102|0x000000008fe00000, 0x000000008fe00000, 0x000000008ff00000|  0%| F|  |TAMS 0x000000008fe00000, 0x000000008fe00000| Untracked 
| 103|0x000000008ff00000, 0x000000008ff00000, 0x0000000090000000|  0%| F|  |TAMS 0x000000008ff00000, 0x000000008ff00000| Untracked 
| 104|0x0000000090000000, 0x0000000090000000, 0x0000000090100000|  0%| F|  |TAMS 0x0000000090000000, 0x0000000090000000| Untracked 
| 105|0x0000000090100000, 0x0000000090100000, 0x0000000090200000|  0%| F|  |TAMS 0x0000000090100000, 0x0000000090100000| Untracked 
| 106|0x0000000090200000, 0x0000000090200000, 0x0000000090300000|  0%| F|  |TAMS 0x0000000090200000, 0x0000000090200000| Untracked 
| 107|0x0000000090300000, 0x0000000090300000, 0x0000000090400000|  0%| F|  |TAMS 0x0000000090300000, 0x0000000090300000| Untracked 
| 108|0x0000000090400000, 0x0000000090400000, 0x0000000090500000|  0%| F|  |TAMS 0x0000000090400000, 0x0000000090400000| Untracked 
| 109|0x0000000090500000, 0x0000000090500000, 0x0000000090600000|  0%| F|  |TAMS 0x0000000090500000, 0x0000000090500000| Untracked 
| 110|0x0000000090600000, 0x0000000090600000, 0x0000000090700000|  0%| F|  |TAMS 0x0000000090600000, 0x0000000090600000| Untracked 
| 111|0x0000000090700000, 0x0000000090700000, 0x0000000090800000|  0%| F|  |TAMS 0x0000000090700000, 0x0000000090700000| Untracked 
| 112|0x0000000090800000, 0x0000000090800000, 0x0000000090900000|  0%| F|  |TAMS 0x0000000090800000, 0x0000000090800000| Untracked 
| 113|0x0000000090900000, 0x0000000090900000, 0x0000000090a00000|  0%| F|  |TAMS 0x0000000090900000, 0x0000000090900000| Untracked 
| 114|0x0000000090a00000, 0x0000000090a00000, 0x0000000090b00000|  0%| F|  |TAMS 0x0000000090a00000, 0x0000000090a00000| Untracked 
| 115|0x0000000090b00000, 0x0000000090b00000, 0x0000000090c00000|  0%| F|  |TAMS 0x0000000090b00000, 0x0000000090b00000| Untracked 
| 116|0x0000000090c00000, 0x0000000090c00000, 0x0000000090d00000|  0%| F|  |TAMS 0x0000000090c00000, 0x0000000090c00000| Untracked 
| 117|0x0000000090d00000, 0x0000000090d00000, 0x0000000090e00000|  0%| F|  |TAMS 0x0000000090d00000, 0x0000000090d00000| Untracked 
| 118|0x0000000090e00000, 0x0000000090e00000, 0x0000000090f00000|  0%| F|  |TAMS 0x0000000090e00000, 0x0000000090e00000| Untracked 
| 119|0x0000000090f00000, 0x0000000090f00000, 0x0000000091000000|  0%| F|  |TAMS 0x0000000090f00000, 0x0000000090f00000| Untracked 
| 120|0x0000000091000000, 0x0000000091000000, 0x0000000091100000|  0%| F|  |TAMS 0x0000000091000000, 0x0000000091000000| Untracked 
| 121|0x0000000091100000, 0x0000000091100000, 0x0000000091200000|  0%| F|  |TAMS 0x0000000091100000, 0x0000000091100000| Untracked 
| 122|0x0000000091200000, 0x0000000091200000, 0x0000000091300000|  0%| F|  |TAMS 0x0000000091200000, 0x0000000091200000| Untracked 
| 123|0x0000000091300000, 0x0000000091300000, 0x0000000091400000|  0%| F|  |TAMS 0x0000000091300000, 0x0000000091300000| Untracked 
| 124|0x0000000091400000, 0x0000000091400000, 0x0000000091500000|  0%| F|  |TAMS 0x0000000091400000, 0x0000000091400000| Untracked 
| 125|0x0000000091500000, 0x0000000091500000, 0x0000000091600000|  0%| F|  |TAMS 0x0000000091500000, 0x0000000091500000| Untracked 
| 126|0x0000000091600000, 0x0000000091600000, 0x0000000091700000|  0%| F|  |TAMS 0x0000000091600000, 0x0000000091600000| Untracked 
| 127|0x0000000091700000, 0x0000000091700000, 0x0000000091800000|  0%| F|  |TAMS 0x0000000091700000, 0x0000000091700000| Untracked 
| 128|0x0000000091800000, 0x0000000091800000, 0x0000000091900000|  0%| F|  |TAMS 0x0000000091800000, 0x0000000091800000| Untracked 
| 129|0x0000000091900000, 0x0000000091900000, 0x0000000091a00000|  0%| F|  |TAMS 0x0000000091900000, 0x0000000091900000| Untracked 
| 130|0x0000000091a00000, 0x0000000091a00000, 0x0000000091b00000|  0%| F|  |TAMS 0x0000000091a00000, 0x0000000091a00000| Untracked 
| 131|0x0000000091b00000, 0x0000000091b00000, 0x0000000091c00000|  0%| F|  |TAMS 0x0000000091b00000, 0x0000000091b00000| Untracked 
| 132|0x0000000091c00000, 0x0000000091c00000, 0x0000000091d00000|  0%| F|  |TAMS 0x0000000091c00000, 0x0000000091c00000| Untracked 
| 133|0x0000000091d00000, 0x0000000091d00000, 0x0000000091e00000|  0%| F|  |TAMS 0x0000000091d00000, 0x0000000091d00000| Untracked 
| 134|0x0000000091e00000, 0x0000000091e00000, 0x0000000091f00000|  0%| F|  |TAMS 0x0000000091e00000, 0x0000000091e00000| Untracked 
| 135|0x0000000091f00000, 0x0000000091f00000, 0x0000000092000000|  0%| F|  |TAMS 0x0000000091f00000, 0x0000000091f00000| Untracked 
| 136|0x0000000092000000, 0x0000000092000000, 0x0000000092100000|  0%| F|  |TAMS 0x0000000092000000, 0x0000000092000000| Untracked 
| 137|0x0000000092100000, 0x0000000092100000, 0x0000000092200000|  0%| F|  |TAMS 0x0000000092100000, 0x0000000092100000| Untracked 
| 138|0x0000000092200000, 0x0000000092200000, 0x0000000092300000|  0%| F|  |TAMS 0x0000000092200000, 0x0000000092200000| Untracked 
| 139|0x0000000092300000, 0x0000000092400000, 0x0000000092400000|100%| E|  |TAMS 0x0000000092300000, 0x0000000092300000| Complete 
| 140|0x0000000092400000, 0x0000000092500000, 0x0000000092500000|100%| E|CS|TAMS 0x0000000092400000, 0x0000000092400000| Complete 
| 141|0x0000000092500000, 0x0000000092600000, 0x0000000092600000|100%| E|CS|TAMS 0x0000000092500000, 0x0000000092500000| Complete 
| 142|0x0000000092600000, 0x0000000092700000, 0x0000000092700000|100%| E|CS|TAMS 0x0000000092600000, 0x0000000092600000| Complete 
| 143|0x0000000092700000, 0x0000000092800000, 0x0000000092800000|100%| E|CS|TAMS 0x0000000092700000, 0x0000000092700000| Complete 
| 144|0x0000000092800000, 0x0000000092900000, 0x0000000092900000|100%| E|CS|TAMS 0x0000000092800000, 0x0000000092800000| Complete 
| 145|0x0000000092900000, 0x0000000092a00000, 0x0000000092a00000|100%| E|CS|TAMS 0x0000000092900000, 0x0000000092900000| Complete 
| 146|0x0000000092a00000, 0x0000000092b00000, 0x0000000092b00000|100%| E|CS|TAMS 0x0000000092a00000, 0x0000000092a00000| Complete 
| 147|0x0000000092b00000, 0x0000000092c00000, 0x0000000092c00000|100%| E|CS|TAMS 0x0000000092b00000, 0x0000000092b00000| Complete 
| 148|0x0000000092c00000, 0x0000000092d00000, 0x0000000092d00000|100%| E|CS|TAMS 0x0000000092c00000, 0x0000000092c00000| Complete 
| 149|0x0000000092d00000, 0x0000000092e00000, 0x0000000092e00000|100%| E|CS|TAMS 0x0000000092d00000, 0x0000000092d00000| Complete 
| 150|0x0000000092e00000, 0x0000000092f00000, 0x0000000092f00000|100%| E|CS|TAMS 0x0000000092e00000, 0x0000000092e00000| Complete 
| 151|0x0000000092f00000, 0x0000000093000000, 0x0000000093000000|100%| E|CS|TAMS 0x0000000092f00000, 0x0000000092f00000| Complete 
| 152|0x0000000093000000, 0x0000000093100000, 0x0000000093100000|100%| E|CS|TAMS 0x0000000093000000, 0x0000000093000000| Complete 
| 153|0x0000000093100000, 0x0000000093200000, 0x0000000093200000|100%| E|CS|TAMS 0x0000000093100000, 0x0000000093100000| Complete 
| 154|0x0000000093200000, 0x0000000093300000, 0x0000000093300000|100%| E|CS|TAMS 0x0000000093200000, 0x0000000093200000| Complete 
| 155|0x0000000093300000, 0x0000000093400000, 0x0000000093400000|100%| E|CS|TAMS 0x0000000093300000, 0x0000000093300000| Complete 
| 156|0x0000000093400000, 0x0000000093500000, 0x0000000093500000|100%| E|CS|TAMS 0x0000000093400000, 0x0000000093400000| Complete 
| 157|0x0000000093500000, 0x0000000093600000, 0x0000000093600000|100%| E|CS|TAMS 0x0000000093500000, 0x0000000093500000| Complete 
| 158|0x0000000093600000, 0x0000000093700000, 0x0000000093700000|100%| E|CS|TAMS 0x0000000093600000, 0x0000000093600000| Complete 
| 159|0x0000000093700000, 0x0000000093800000, 0x0000000093800000|100%| E|CS|TAMS 0x0000000093700000, 0x0000000093700000| Complete 
| 160|0x0000000093800000, 0x0000000093900000, 0x0000000093900000|100%| E|CS|TAMS 0x0000000093800000, 0x0000000093800000| Complete 
| 161|0x0000000093900000, 0x0000000093a00000, 0x0000000093a00000|100%| E|CS|TAMS 0x0000000093900000, 0x0000000093900000| Complete 
| 162|0x0000000093a00000, 0x0000000093b00000, 0x0000000093b00000|100%| E|CS|TAMS 0x0000000093a00000, 0x0000000093a00000| Complete 
| 163|0x0000000093b00000, 0x0000000093c00000, 0x0000000093c00000|100%| E|CS|TAMS 0x0000000093b00000, 0x0000000093b00000| Complete 
| 164|0x0000000093c00000, 0x0000000093d00000, 0x0000000093d00000|100%| E|CS|TAMS 0x0000000093c00000, 0x0000000093c00000| Complete 
| 165|0x0000000093d00000, 0x0000000093e00000, 0x0000000093e00000|100%| E|CS|TAMS 0x0000000093d00000, 0x0000000093d00000| Complete 
| 166|0x0000000093e00000, 0x0000000093f00000, 0x0000000093f00000|100%| E|CS|TAMS 0x0000000093e00000, 0x0000000093e00000| Complete 
| 167|0x0000000093f00000, 0x0000000094000000, 0x0000000094000000|100%| E|CS|TAMS 0x0000000093f00000, 0x0000000093f00000| Complete 
| 168|0x0000000094000000, 0x0000000094100000, 0x0000000094100000|100%| E|CS|TAMS 0x0000000094000000, 0x0000000094000000| Complete 
| 169|0x0000000094100000, 0x0000000094200000, 0x0000000094200000|100%| E|CS|TAMS 0x0000000094100000, 0x0000000094100000| Complete 
| 170|0x0000000094200000, 0x0000000094300000, 0x0000000094300000|100%| E|CS|TAMS 0x0000000094200000, 0x0000000094200000| Complete 
| 171|0x0000000094300000, 0x0000000094400000, 0x0000000094400000|100%| E|CS|TAMS 0x0000000094300000, 0x0000000094300000| Complete 
| 172|0x0000000094400000, 0x0000000094500000, 0x0000000094500000|100%| E|CS|TAMS 0x0000000094400000, 0x0000000094400000| Complete 
| 173|0x0000000094500000, 0x0000000094600000, 0x0000000094600000|100%| E|CS|TAMS 0x0000000094500000, 0x0000000094500000| Complete 
| 174|0x0000000094600000, 0x0000000094700000, 0x0000000094700000|100%| E|CS|TAMS 0x0000000094600000, 0x0000000094600000| Complete 
| 175|0x0000000094700000, 0x0000000094800000, 0x0000000094800000|100%| E|CS|TAMS 0x0000000094700000, 0x0000000094700000| Complete 
| 176|0x0000000094800000, 0x0000000094900000, 0x0000000094900000|100%| E|CS|TAMS 0x0000000094800000, 0x0000000094800000| Complete 
|1894|0x00000000ffe00000, 0x00000000ffe34000, 0x00000000fff00000| 20%|OA|  |TAMS 0x00000000ffe00000, 0x00000000ffe00000| Untracked 
|1895|0x00000000fff00000, 0x00000000fff6a000, 0x0000000100000000| 41%|CA|  |TAMS 0x00000000fff00000, 0x00000000fff00000| Untracked 

Card table byte_map: [0x00007fa8181ee000,0x00007fa8185a2000] _byte_map_base: 0x00007fa817da2000

Marking Bits (Prev, Next): (CMBitMap*) 0x00007fa83004e618, (CMBitMap*) 0x00007fa83004e650
 Prev Bits: [0x00007fa811eac000, 0x00007fa813c4c000)
 Next Bits: [0x00007fa81010c000, 0x00007fa811eac000)

Polling page: 0x00007fa8365b8000

Metaspace:

Usage:
  Non-class:      8.38 MB capacity,     8.19 MB ( 98%) used,   172.42 KB (  2%) free+waste,    22.81 KB ( <1%) overhead. 
      Class:    914.00 KB capacity,   817.91 KB ( 89%) used,    84.84 KB (  9%) free+waste,    11.25 KB (  1%) overhead. 
       Both:      9.28 MB capacity,     8.99 MB ( 97%) used,   257.26 KB (  3%) free+waste,    34.06 KB ( <1%) overhead. 

Virtual space:
  Non-class space:       10.00 MB reserved,       8.50 MB ( 85%) committed 
      Class space:        1.00 GB reserved,       1.00 MB ( <1%) committed 
             Both:        1.01 GB reserved,       9.50 MB ( <1%) committed 

Chunk freelists:
   Non-Class:  79.00 KB
       Class:  14.00 KB
        Both:  93.00 KB

CodeHeap 'non-profiled nmethods': size=120032Kb used=2340Kb max_used=2340Kb free=117691Kb
 bounds [0x00007fa82041e000, 0x00007fa82068e000, 0x00007fa827956000]
CodeHeap 'profiled nmethods': size=120028Kb used=6888Kb max_used=6888Kb free=113140Kb
 bounds [0x00007fa818ee7000, 0x00007fa8195a7000, 0x00007fa82041e000]
CodeHeap 'non-nmethods': size=5700Kb used=1226Kb max_used=1268Kb free=4473Kb
 bounds [0x00007fa818956000, 0x00007fa818bc6000, 0x00007fa818ee7000]
 total_blobs=4760 nmethods=2964 adapters=511
 compilation: enabled
              stopped_count=0, restarted_count=0
 full_count=0

Compilation events (10 events):
Event: 3.633 Thread 0x00007fa830184000 nmethod 3028 0x00007fa820663490 code [0x00007fa8206636a0, 0x00007fa820663ab0]
Event: 3.633 Thread 0x00007fa830184000 3030 %     4       technology.tabula.detectors.NurminenDetectionAlgorithm::getTableAreasFromCells @ 127 (430 bytes)
Event: 3.633 Thread 0x00007fa830186000 3032       3       java.awt.geom.Point2D$Double::<init> (15 bytes)
Event: 3.633 Thread 0x00007fa830186000 nmethod 3032 0x00007fa81959eb90 code [0x00007fa81959ed40, 0x00007fa81959ef70]
Event: 3.639 Thread 0x00007fa830186000 3037       3       sun.awt.geom.CurveLink::<init> (73 bytes)
Event: 3.639 Thread 0x00007fa830186000 nmethod 3037 0x00007fa81959f090 code [0x00007fa81959f2a0, 0x00007fa81959f8d8]
Event: 3.640 Thread 0x00007fa830186000 3038       3       sun.awt.geom.CurveLink::getSubCurve (62 bytes)
Event: 3.640 Thread 0x00007fa830186000 nmethod 3038 0x00007fa81959fb10 code [0x00007fa81959fd20, 0x00007fa8195a0398]
Event: 3.647 Thread 0x00007fa7e00c3000 nmethod 3029 0x00007fa820663d10 code [0x00007fa820663ec0, 0x00007fa8206645f8]
Event: 3.647 Thread 0x00007fa7e00c3000 3039       4       org.apache.pdfbox.text.PDFTextStripper::normalizeWord (206 bytes)

GC Heap History (10 events):
Event: 2.935 GC heap before
{Heap before GC invocations=7 (full 0):
 garbage-first heap   total 124928K, used 93682K [0x0000000089800000, 0x0000000100000000)
  region size 1024K, 72 young (73728K), 3 survivors (3072K)
 Metaspace       used 9075K, capacity 9306K, committed 9728K, reserved 1058816K
  class space    used 817K, capacity 914K, committed 1024K, reserved 1048576K
}
Event: 2.937 GC heap after
{Heap after GC invocations=8 (full 0):
 garbage-first heap   total 124928K, used 21615K [0x0000000089800000, 0x0000000100000000)
  region size 1024K, 4 young (4096K), 4 survivors (4096K)
 Metaspace       used 9075K, capacity 9306K, committed 9728K, reserved 1058816K
  class space    used 817K, capacity 914K, committed 1024K, reserved 1048576K
}
Event: 3.050 GC heap before
{Heap before GC invocations=8 (full 0):
 garbage-first heap   total 124928K, used 92271K [0x0000000089800000, 0x0000000100000000)
  region size 1024K, 72 young (73728K), 4 survivors (4096K)
 Metaspace       used 9097K, capacity 9370K, committed 9728K, reserved 1058816K
  class space    used 817K, capacity 914K, committed 1024K, reserved 1048576K
}
Event: 3.054 GC heap after
{Heap after GC invocations=9 (full 0):
 garbage-first heap   total 124928K, used 25053K [0x0000000089800000, 0x0000000100000000)
  region size 1024K, 5 young (5120K), 5 survivors (5120K)
 Metaspace       used 9097K, capacity 9370K, committed 9728K, reserved 1058816K
  class space    used 817K, capacity 914K, committed 1024K, reserved 1048576K
}
Event: 3.246 GC heap before
{Heap before GC invocations=9 (full 0):
 garbage-first heap   total 124928K, used 95709K [0x0000000089800000, 0x0000000100000000)
  region size 1024K, 72 young (73728K), 5 survivors (5120K)
 Metaspace       used 9161K, capacity 9435K, committed 9728K, reserved 1058816K
  class space    used 817K, capacity 914K, committed 1024K, reserved 1048576K
}
Event: 3.250 GC heap after
{Heap after GC invocations=10 (full 0):
 garbage-first heap   total 183296K, used 22882K [0x0000000089800000, 0x0000000100000000)
  region size 1024K, 5 young (5120K), 5 survivors (5120K)
 Metaspace       used 9161K, capacity 9435K, committed 9728K, reserved 1058816K
  class space    used 817K, capacity 914K, committed 1024K, reserved 1048576K
}
Event: 3.427 GC heap before
{Heap before GC invocations=10 (full 0):
 garbage-first heap   total 183296K, used 127330K [0x0000000089800000, 0x0000000100000000)
  region size 1024K, 105 young (107520K), 5 survivors (5120K)
 Metaspace       used 9172K, capacity 9435K, committed 9728K, reserved 1058816K
  class space    used 817K, capacity 914K, committed 1024K, reserved 1048576K
}
Event: 3.431 GC heap after
{Heap after GC invocations=11 (full 0):
 garbage-first heap   total 183296K, used 26735K [0x0000000089800000, 0x0000000100000000)
  region size 1024K, 7 young (7168K), 7 survivors (7168K)
 Metaspace       used 9172K, capacity 9435K, committed 9728K, reserved 1058816K
  class space    used 817K, capacity 914K, committed 1024K, reserved 1048576K
}
Event: 3.614 GC heap before
{Heap before GC invocations=11 (full 0):
 garbage-first heap   total 183296K, used 133231K [0x0000000089800000, 0x0000000100000000)
  region size 1024K, 107 young (109568K), 7 survivors (7168K)
 Metaspace       used 9207K, capacity 9499K, committed 9728K, reserved 1058816K
  class space    used 817K, capacity 914K, committed 1024K, reserved 1048576K
}
Event: 3.617 GC heap after
{Heap after GC invocations=12 (full 0):
 garbage-first heap   total 183296K, used 27759K [0x0000000089800000, 0x0000000100000000)
  region size 1024K, 8 young (8192K), 8 survivors (8192K)
 Metaspace       used 9207K, capacity 9499K, committed 9728K, reserved 1058816K
  class space    used 817K, capacity 914K, committed 1024K, reserved 1048576K
}

Deoptimization events (10 events):
Event: 3.387 Thread 0x00007fa830011000 Uncommon trap: trap_request=0xffffffd6 fr.pc=0x00007fa82063bfd0 relative=0x0000000000000590
Event: 3.387 Thread 0x00007fa830011000 Uncommon trap: reason=array_check action=maybe_recompile pc=0x00007fa82063bfd0 method=java.util.TimSort.reverseRange([Ljava/lang/Object;II)V @ 27 c2
Event: 3.387 Thread 0x00007fa830011000 DEOPT PACKING pc=0x00007fa82063bfd0 sp=0x00007fa834f22df0
Event: 3.387 Thread 0x00007fa830011000 DEOPT UNPACKING pc=0x00007fa81897ea25 sp=0x00007fa834f22d20 mode 2
Event: 3.421 Thread 0x00007fa830011000 DEOPT PACKING pc=0x00007fa8194d4e8d sp=0x00007fa834f23350
Event: 3.421 Thread 0x00007fa830011000 DEOPT UNPACKING pc=0x00007fa81897e83a sp=0x00007fa834f22860 mode 0
Event: 3.466 Thread 0x00007fa830011000 DEOPT PACKING pc=0x00007fa8194d4e8d sp=0x00007fa834f23350
Event: 3.466 Thread 0x00007fa830011000 DEOPT UNPACKING pc=0x00007fa81897e83a sp=0x00007fa834f22860 mode 0
Event: 3.658 Thread 0x00007fa830011000 DEOPT PACKING pc=0x00007fa8194519cb sp=0x00007fa834f230f0
Event: 3.658 Thread 0x00007fa830011000 DEOPT UNPACKING pc=0x00007fa81897e83a sp=0x00007fa834f226d0 mode 0

Classes redefined (0 events):
No events

Internal exceptions (10 events):
Event: 0.197 Thread 0x00007fa830011000 Exception <a 'java/lang/NoSuchMethodError'{0x0000000090b381d8}: 'java.lang.Object java.lang.invoke.DirectMethodHandle$Holder.invokeStatic(java.lang.Object, java.lang.Object, java.lang.Object, java.lang.Object, java.lang.Object, java.lang.Object, java.lang
Event: 0.199 Thread 0x00007fa830011000 Exception <a 'java/lang/NoSuchMethodError'{0x0000000090b45e48}: 'java.lang.Object java.lang.invoke.DirectMethodHandle$Holder.invokeSpecial(java.lang.Object, java.lang.Object, int, int, java.lang.Object, java.lang.Object, java.lang.Object)'> (0x0000000090b
Event: 0.199 Thread 0x00007fa830011000 Exception <a 'java/lang/NoSuchMethodError'{0x0000000090b493d8}: 'java.lang.Object java.lang.invoke.DelegatingMethodHandle$Holder.reinvoke_L(java.lang.Object, int, int, java.lang.Object, java.lang.Object, java.lang.Object)'> (0x0000000090b493d8) thrown at 
Event: 0.200 Thread 0x00007fa830011000 Exception <a 'java/lang/NoSuchMethodError'{0x0000000090b4d760}: 'java.lang.Object java.lang.invoke.DirectMethodHandle$Holder.invokeStatic(java.lang.Object, java.lang.Object, java.lang.Object, java.lang.Object, int)'> (0x0000000090b4d760) thrown at [/build
Event: 0.860 Thread 0x00007fa830011000 Implicit null exception at 0x00007fa820475b8b to 0x00007fa8204769e9
Event: 0.865 Thread 0x00007fa830011000 Implicit null exception at 0x00007fa82044bbaf to 0x00007fa82044bc2d
Event: 1.050 Thread 0x00007fa830011000 Exception <a 'java/lang/NoSuchMethodError'{0x000000008e4e0250}: 'java.lang.Object java.lang.invoke.DirectMethodHandle$Holder.invokeSpecial(java.lang.Object, java.lang.Object, java.lang.Object, int, java.lang.Object)'> (0x000000008e4e0250) thrown at [/buil
Event: 1.050 Thread 0x00007fa830011000 Exception <a 'java/lang/NoSuchMethodError'{0x000000008e4ea460}: 'java.lang.Object java.lang.invoke.Invokers$Holder.linkToTargetMethod(java.lang.Object, int, java.lang.Object, java.lang.Object)'> (0x000000008e4ea460) thrown at [/build/openjdk-lts-ZT5jEu/op
Event: 1.108 Thread 0x00007fa830011000 Exception <a 'java/lang/NoSuchMethodError'{0x000000008e242fb8}: 'void java.lang.invoke.DirectMethodHandle$Holder.invokeSpecial(java.lang.Object, java.lang.Object)'> (0x000000008e242fb8) thrown at [/build/openjdk-lts-ZT5jEu/openjdk-lts-11.0.4+11/src/hotspo
Event: 1.503 Thread 0x00007fa830011000 Implicit null exception at 0x00007fa8204ef310 to 0x00007fa8204ef57e

Events (10 events):
Event: 3.246 Executing VM operation: G1CollectForAllocation
Event: 3.250 Executing VM operation: G1CollectForAllocation done
Event: 3.427 Executing VM operation: G1CollectForAllocation
Event: 3.431 Executing VM operation: G1CollectForAllocation done
Event: 3.431 Executing VM operation: RevokeBias
Event: 3.431 Executing VM operation: RevokeBias done
Event: 3.614 Executing VM operation: G1CollectForAllocation
Event: 3.617 Executing VM operation: G1CollectForAllocation done
Event: 3.617 Executing VM operation: RevokeBias
Event: 3.617 Executing VM operation: RevokeBias done


Dynamic libraries:
89800000-94900000 rw-p 00000000 00:00 0 
94900000-ffe00000 ---p 00000000 00:00 0 
ffe00000-ffe34000 rw-p 01116000 08:08 10884895                           /usr/lib/jvm/java-11-openjdk-amd64/lib/server/classes.jsa
ffe34000-fff00000 rw-p 00000000 00:00 0 
fff00000-fff6a000 rw-p 010ac000 08:08 10884895                           /usr/lib/jvm/java-11-openjdk-amd64/lib/server/classes.jsa
fff6a000-100000000 rw-p 00000000 00:00 0 
800000000-800002000 rwxp 00001000 08:08 10884895                         /usr/lib/jvm/java-11-openjdk-amd64/lib/server/classes.jsa
800002000-8003bd000 rw-p 00003000 08:08 10884895                         /usr/lib/jvm/java-11-openjdk-amd64/lib/server/classes.jsa
8003bd000-800a98000 r--p 003be000 08:08 10884895                         /usr/lib/jvm/java-11-openjdk-amd64/lib/server/classes.jsa
800a98000-800a99000 rw-p 00a99000 08:08 10884895                         /usr/lib/jvm/java-11-openjdk-amd64/lib/server/classes.jsa
800a99000-8010ab000 r--p 00a9a000 08:08 10884895                         /usr/lib/jvm/java-11-openjdk-amd64/lib/server/classes.jsa
840000000-840100000 rw-p 00000000 00:00 0 
840100000-880000000 ---p 00000000 00:00 0 
556f3622b000-556f3622c000 r--p 00000000 08:08 10630431                   /usr/lib/jvm/java-11-openjdk-amd64/bin/java
556f3622c000-556f3622d000 r-xp 00001000 08:08 10630431                   /usr/lib/jvm/java-11-openjdk-amd64/bin/java
556f3622d000-556f3622e000 r--p 00002000 08:08 10630431                   /usr/lib/jvm/java-11-openjdk-amd64/bin/java
556f3622e000-556f3622f000 r--p 00002000 08:08 10630431                   /usr/lib/jvm/java-11-openjdk-amd64/bin/java
556f3622f000-556f36230000 rw-p 00003000 08:08 10630431                   /usr/lib/jvm/java-11-openjdk-amd64/bin/java
556f3632f000-556f36350000 rw-p 00000000 00:00 0                          [heap]
7fa7b0000000-7fa7b0021000 rw-p 00000000 00:00 0 
7fa7b0021000-7fa7b4000000 ---p 00000000 00:00 0 
7fa7b8000000-7fa7b8021000 rw-p 00000000 00:00 0 
7fa7b8021000-7fa7bc000000 ---p 00000000 00:00 0 
7fa7bc000000-7fa7bc021000 rw-p 00000000 00:00 0 
7fa7bc021000-7fa7c0000000 ---p 00000000 00:00 0 
7fa7c0000000-7fa7c10bc000 rw-p 00000000 00:00 0 
7fa7c10bc000-7fa7c4000000 ---p 00000000 00:00 0 
7fa7c4000000-7fa7c4021000 rw-p 00000000 00:00 0 
7fa7c4021000-7fa7c8000000 ---p 00000000 00:00 0 
7fa7c8000000-7fa7c8021000 rw-p 00000000 00:00 0 
7fa7c8021000-7fa7cc000000 ---p 00000000 00:00 0 
7fa7cc000000-7fa7ccc10000 rw-p 00000000 00:00 0 
7fa7ccc10000-7fa7d0000000 ---p 00000000 00:00 0 
7fa7d0000000-7fa7d0021000 rw-p 00000000 00:00 0 
7fa7d0021000-7fa7d4000000 ---p 00000000 00:00 0 
7fa7d4000000-7fa7d4021000 rw-p 00000000 00:00 0 
7fa7d4021000-7fa7d8000000 ---p 00000000 00:00 0 
7fa7d8000000-7fa7d8021000 rw-p 00000000 00:00 0 
7fa7d8021000-7fa7dc000000 ---p 00000000 00:00 0 
7fa7dc000000-7fa7dc021000 rw-p 00000000 00:00 0 
7fa7dc021000-7fa7e0000000 ---p 00000000 00:00 0 
7fa7e0000000-7fa7e10aa000 rw-p 00000000 00:00 0 
7fa7e10aa000-7fa7e4000000 ---p 00000000 00:00 0 
7fa7e4000000-7fa7e469b000 rw-p 00000000 00:00 0 
7fa7e469b000-7fa7e8000000 ---p 00000000 00:00 0 
7fa7e8000000-7fa7e8021000 rw-p 00000000 00:00 0 
7fa7e8021000-7fa7ec000000 ---p 00000000 00:00 0 
7fa7edbd6000-7fa7edbd7000 ---p 00000000 00:00 0 
7fa7edbd7000-7fa7edcd8000 rw-p 00000000 00:00 0 
7fa7edcd8000-7fa7edcd9000 ---p 00000000 00:00 0 
7fa7edcd9000-7fa7ede5a000 rw-p 00000000 00:00 0 
7fa7ede5a000-7fa7edfda000 ---p 00000000 00:00 0 
7fa7edfda000-7fa7edfdb000 ---p 00000000 00:00 0 
7fa7edfdb000-7fa7ee0dc000 rw-p 00000000 00:00 0 
7fa7ee0dc000-7fa7ee0e1000 r--p 00000000 08:08 10626398                   /usr/lib/x86_64-linux-gnu/libpng16.so.16.36.0
7fa7ee0e1000-7fa7ee105000 r-xp 00005000 08:08 10626398                   /usr/lib/x86_64-linux-gnu/libpng16.so.16.36.0
7fa7ee105000-7fa7ee111000 r--p 00029000 08:08 10626398                   /usr/lib/x86_64-linux-gnu/libpng16.so.16.36.0
7fa7ee111000-7fa7ee112000 r--p 00034000 08:08 10626398                   /usr/lib/x86_64-linux-gnu/libpng16.so.16.36.0
7fa7ee112000-7fa7ee113000 rw-p 00035000 08:08 10626398                   /usr/lib/x86_64-linux-gnu/libpng16.so.16.36.0
7fa7ee113000-7fa7ee117000 r--p 00000000 08:08 10630505                   /usr/lib/jvm/java-11-openjdk-amd64/lib/libfontmanager.so
7fa7ee117000-7fa7ee209000 r-xp 00004000 08:08 10630505                   /usr/lib/jvm/java-11-openjdk-amd64/lib/libfontmanager.so
7fa7ee209000-7fa7ee249000 r--p 000f6000 08:08 10630505                   /usr/lib/jvm/java-11-openjdk-amd64/lib/libfontmanager.so
7fa7ee249000-7fa7ee24a000 r--p 00135000 08:08 10630505                   /usr/lib/jvm/java-11-openjdk-amd64/lib/libfontmanager.so
7fa7ee24a000-7fa7ee24b000 rw-p 00136000 08:08 10630505                   /usr/lib/jvm/java-11-openjdk-amd64/lib/libfontmanager.so
7fa7ee24b000-7fa7ee24e000 rw-p 00000000 00:00 0 
7fa7ee24e000-7fa7ee24f000 ---p 00000000 00:00 0 
7fa7ee24f000-7fa7ee350000 rw-p 00000000 00:00 0 
7fa7ee350000-7fa7ee354000 ---p 00000000 00:00 0 
7fa7ee354000-7fa7ee451000 rw-p 00000000 00:00 0 
7fa7ee451000-7fa7ee455000 ---p 00000000 00:00 0 
7fa7ee455000-7fa7ee552000 rw-p 00000000 00:00 0 
7fa7ee552000-7fa7ee556000 ---p 00000000 00:00 0 
7fa7ee556000-7fa7ee653000 rw-p 00000000 00:00 0 
7fa7ee653000-7fa7ee658000 r-xp 00000000 08:08 10625249                   /usr/lib/x86_64-linux-gnu/libXdmcp.so.6.0.0
7fa7ee658000-7fa7ee857000 ---p 00005000 08:08 10625249                   /usr/lib/x86_64-linux-gnu/libXdmcp.so.6.0.0
7fa7ee857000-7fa7ee858000 r--p 00004000 08:08 10625249                   /usr/lib/x86_64-linux-gnu/libXdmcp.so.6.0.0
7fa7ee858000-7fa7ee859000 rw-p 00005000 08:08 10625249                   /usr/lib/x86_64-linux-gnu/libXdmcp.so.6.0.0
7fa7ee859000-7fa7ee85b000 r-xp 00000000 08:08 10625238                   /usr/lib/x86_64-linux-gnu/libXau.so.6.0.0
7fa7ee85b000-7fa7eea5b000 ---p 00002000 08:08 10625238                   /usr/lib/x86_64-linux-gnu/libXau.so.6.0.0
7fa7eea5b000-7fa7eea5c000 r--p 00002000 08:08 10625238                   /usr/lib/x86_64-linux-gnu/libXau.so.6.0.0
7fa7eea5c000-7fa7eea5d000 rw-p 00003000 08:08 10625238                   /usr/lib/x86_64-linux-gnu/libXau.so.6.0.0
7fa7eea5d000-7fa7eea6c000 r-xp 00000000 08:08 10625259                   /usr/lib/x86_64-linux-gnu/libXi.so.6.1.0
7fa7eea6c000-7fa7eec6b000 ---p 0000f000 08:08 10625259                   /usr/lib/x86_64-linux-gnu/libXi.so.6.1.0
7fa7eec6b000-7fa7eec6c000 r--p 0000e000 08:08 10625259                   /usr/lib/x86_64-linux-gnu/libXi.so.6.1.0
7fa7eec6c000-7fa7eec6d000 rw-p 0000f000 08:08 10625259                   /usr/lib/x86_64-linux-gnu/libXi.so.6.1.0
7fa7eec6d000-7fa7eec72000 r-xp 00000000 08:08 10625277                   /usr/lib/x86_64-linux-gnu/libXtst.so.6.1.0
7fa7eec72000-7fa7eee71000 ---p 00005000 08:08 10625277                   /usr/lib/x86_64-linux-gnu/libXtst.so.6.1.0
7fa7eee71000-7fa7eee72000 r--p 00004000 08:08 10625277                   /usr/lib/x86_64-linux-gnu/libXtst.so.6.1.0
7fa7eee72000-7fa7eee73000 rw-p 00005000 08:08 10625277                   /usr/lib/x86_64-linux-gnu/libXtst.so.6.1.0
7fa7eee73000-7fa7eee7c000 r-xp 00000000 08:08 10625271                   /usr/lib/x86_64-linux-gnu/libXrender.so.1.3.0
7fa7eee7c000-7fa7ef07b000 ---p 00009000 08:08 10625271                   /usr/lib/x86_64-linux-gnu/libXrender.so.1.3.0
7fa7ef07b000-7fa7ef07c000 r--p 00008000 08:08 10625271                   /usr/lib/x86_64-linux-gnu/libXrender.so.1.3.0
7fa7ef07c000-7fa7ef07d000 rw-p 00009000 08:08 10625271                   /usr/lib/x86_64-linux-gnu/libXrender.so.1.3.0
7fa7ef07d000-7fa7f0000000 r--p 00000000 08:08 10624250                   /usr/lib/locale/locale-archive
7fa7f0000000-7fa7f0021000 rw-p 00000000 00:00 0 
7fa7f0021000-7fa7f4000000 ---p 00000000 00:00 0 
7fa7f4000000-7fa7f4021000 rw-p 00000000 00:00 0 
7fa7f4021000-7fa7f8000000 ---p 00000000 00:00 0 
7fa7f8000000-7fa7f8021000 rw-p 00000000 00:00 0 
7fa7f8021000-7fa7fc000000 ---p 00000000 00:00 0 
7fa7fc000000-7fa7fc03c000 rw-p 00000000 00:00 0 
7fa7fc03c000-7fa800000000 ---p 00000000 00:00 0 
7fa800000000-7fa800021000 rw-p 00000000 00:00 0 
7fa800021000-7fa804000000 ---p 00000000 00:00 0 
7fa804000000-7fa804021000 rw-p 00000000 00:00 0 
7fa804021000-7fa808000000 ---p 00000000 00:00 0 
7fa808010000-7fa80801c000 r--p 00000000 08:08 10625737                   /usr/lib/x86_64-linux-gnu/libfreetype.so.6.16.1
7fa80801c000-7fa808099000 r-xp 0000c000 08:08 10625737                   /usr/lib/x86_64-linux-gnu/libfreetype.so.6.16.1
7fa808099000-7fa8080c2000 r--p 00089000 08:08 10625737                   /usr/lib/x86_64-linux-gnu/libfreetype.so.6.16.1
7fa8080c2000-7fa8080c3000 ---p 000b2000 08:08 10625737                   /usr/lib/x86_64-linux-gnu/libfreetype.so.6.16.1
7fa8080c3000-7fa8080ca000 r--p 000b2000 08:08 10625737                   /usr/lib/x86_64-linux-gnu/libfreetype.so.6.16.1
7fa8080ca000-7fa8080cb000 rw-p 000b9000 08:08 10625737                   /usr/lib/x86_64-linux-gnu/libfreetype.so.6.16.1
7fa8080cb000-7fa8080d4000 r--p 00000000 08:08 10626098                   /usr/lib/x86_64-linux-gnu/liblcms2.so.2.0.8
7fa8080d4000-7fa80810a000 r-xp 00009000 08:08 10626098                   /usr/lib/x86_64-linux-gnu/liblcms2.so.2.0.8
7fa80810a000-7fa80811e000 r--p 0003f000 08:08 10626098                   /usr/lib/x86_64-linux-gnu/liblcms2.so.2.0.8
7fa80811e000-7fa80811f000 ---p 00053000 08:08 10626098                   /usr/lib/x86_64-linux-gnu/liblcms2.so.2.0.8
7fa80811f000-7fa808121000 r--p 00053000 08:08 10626098                   /usr/lib/x86_64-linux-gnu/liblcms2.so.2.0.8
7fa808121000-7fa808124000 rw-p 00055000 08:08 10626098                   /usr/lib/x86_64-linux-gnu/liblcms2.so.2.0.8
7fa808124000-7fa808125000 rw-p 00000000 00:00 0 
7fa808125000-7fa808129000 r--p 00000000 08:08 10625437                   /usr/lib/x86_64-linux-gnu/libbsd.so.0.9.1
7fa808129000-7fa808138000 r-xp 00004000 08:08 10625437                   /usr/lib/x86_64-linux-gnu/libbsd.so.0.9.1
7fa808138000-7fa80813b000 r--p 00013000 08:08 10625437                   /usr/lib/x86_64-linux-gnu/libbsd.so.0.9.1
7fa80813b000-7fa80813c000 ---p 00016000 08:08 10625437                   /usr/lib/x86_64-linux-gnu/libbsd.so.0.9.1
7fa80813c000-7fa80813d000 r--p 00016000 08:08 10625437                   /usr/lib/x86_64-linux-gnu/libbsd.so.0.9.1
7fa80813d000-7fa80813e000 rw-p 00017000 08:08 10625437                   /usr/lib/x86_64-linux-gnu/libbsd.so.0.9.1
7fa80813e000-7fa80813f000 rw-p 00000000 00:00 0 
7fa80813f000-7fa80814a000 r--p 00000000 08:08 10626820                   /usr/lib/x86_64-linux-gnu/libxcb.so.1.1.0
7fa80814a000-7fa80815d000 r-xp 0000b000 08:08 10626820                   /usr/lib/x86_64-linux-gnu/libxcb.so.1.1.0
7fa80815d000-7fa808166000 r--p 0001e000 08:08 10626820                   /usr/lib/x86_64-linux-gnu/libxcb.so.1.1.0
7fa808166000-7fa808167000 r--p 00026000 08:08 10626820                   /usr/lib/x86_64-linux-gnu/libxcb.so.1.1.0
7fa808167000-7fa808168000 rw-p 00027000 08:08 10626820                   /usr/lib/x86_64-linux-gnu/libxcb.so.1.1.0
7fa808168000-7fa808180000 r--p 00000000 08:08 10625234                   /usr/lib/x86_64-linux-gnu/libX11.so.6.3.0
7fa808180000-7fa808208000 r-xp 00018000 08:08 10625234                   /usr/lib/x86_64-linux-gnu/libX11.so.6.3.0
7fa808208000-7fa80829c000 r--p 000a0000 08:08 10625234                   /usr/lib/x86_64-linux-gnu/libX11.so.6.3.0
7fa80829c000-7fa80829d000 ---p 00134000 08:08 10625234                   /usr/lib/x86_64-linux-gnu/libX11.so.6.3.0
7fa80829d000-7fa80829e000 r--p 00134000 08:08 10625234                   /usr/lib/x86_64-linux-gnu/libX11.so.6.3.0
7fa80829e000-7fa8082a2000 rw-p 00135000 08:08 10625234                   /usr/lib/x86_64-linux-gnu/libX11.so.6.3.0
7fa8082a2000-7fa8082b3000 r-xp 00000000 08:08 10625251                   /usr/lib/x86_64-linux-gnu/libXext.so.6.4.0
7fa8082b3000-7fa8084b2000 ---p 00011000 08:08 10625251                   /usr/lib/x86_64-linux-gnu/libXext.so.6.4.0
7fa8084b2000-7fa8084b3000 r--p 00010000 08:08 10625251                   /usr/lib/x86_64-linux-gnu/libXext.so.6.4.0
7fa8084b3000-7fa8084b4000 rw-p 00011000 08:08 10625251                   /usr/lib/x86_64-linux-gnu/libXext.so.6.4.0
7fa8084b4000-7fa8084c4000 r--p 00000000 08:08 10630502                   /usr/lib/jvm/java-11-openjdk-amd64/lib/libawt_xawt.so
7fa8084c4000-7fa808501000 r-xp 00010000 08:08 10630502                   /usr/lib/jvm/java-11-openjdk-amd64/lib/libawt_xawt.so
7fa808501000-7fa808513000 r--p 0004d000 08:08 10630502                   /usr/lib/jvm/java-11-openjdk-amd64/lib/libawt_xawt.so
7fa808513000-7fa808514000 r--p 0005e000 08:08 10630502                   /usr/lib/jvm/java-11-openjdk-amd64/lib/libawt_xawt.so
7fa808514000-7fa808517000 rw-p 0005f000 08:08 10630502                   /usr/lib/jvm/java-11-openjdk-amd64/lib/libawt_xawt.so
7fa808517000-7fa808519000 rw-p 00000000 00:00 0 
7fa808519000-7fa808545000 r--p 00000000 08:08 10630500                   /usr/lib/jvm/java-11-openjdk-amd64/lib/libawt.so
7fa808545000-7fa8085ac000 r-xp 0002c000 08:08 10630500                   /usr/lib/jvm/java-11-openjdk-amd64/lib/libawt.so
7fa8085ac000-7fa8085b9000 r--p 00093000 08:08 10630500                   /usr/lib/jvm/java-11-openjdk-amd64/lib/libawt.so
7fa8085b9000-7fa8085ba000 r--p 0009f000 08:08 10630500                   /usr/lib/jvm/java-11-openjdk-amd64/lib/libawt.so
7fa8085ba000-7fa8085c5000 rw-p 000a0000 08:08 10630500                   /usr/lib/jvm/java-11-openjdk-amd64/lib/libawt.so
7fa8085c5000-7fa8085ea000 rw-p 00000000 00:00 0 
7fa8085ea000-7fa8085ee000 ---p 00000000 00:00 0 
7fa8085ee000-7fa8086eb000 rw-p 00000000 00:00 0 
7fa8086eb000-7fa8086ec000 ---p 00000000 00:00 0 
7fa8086ec000-7fa8087ed000 rw-p 00000000 00:00 0 
7fa8087ed000-7fa8087f1000 ---p 00000000 00:00 0 
7fa8087f1000-7fa8088ee000 rw-p 00000000 00:00 0 
7fa8088ee000-7fa8088f2000 ---p 00000000 00:00 0 
7fa8088f2000-7fa8089ef000 rw-p 00000000 00:00 0 
7fa8089ef000-7fa8089f3000 ---p 00000000 00:00 0 
7fa8089f3000-7fa808af0000 rw-p 00000000 00:00 0 
7fa808af0000-7fa808af4000 ---p 00000000 00:00 0 
7fa808af4000-7fa808bf1000 rw-p 00000000 00:00 0 
7fa808bf1000-7fa808bf5000 ---p 00000000 00:00 0 
7fa808bf5000-7fa808cf2000 rw-p 00000000 00:00 0 
7fa808cf2000-7fa808cf6000 ---p 00000000 00:00 0 
7fa808cf6000-7fa808df3000 rw-p 00000000 00:00 0 
7fa808df3000-7fa808df7000 ---p 00000000 00:00 0 
7fa808df7000-7fa808ef4000 rw-p 00000000 00:00 0 
7fa808ef4000-7fa808ef5000 ---p 00000000 00:00 0 
7fa808ef5000-7fa8097f6000 rw-p 00000000 00:00 0 
7fa8097f6000-7fa8097f7000 ---p 00000000 00:00 0 
7fa8097f7000-7fa8098f8000 rw-p 00000000 00:00 0 
7fa8098f8000-7fa8098f9000 ---p 00000000 00:00 0 
7fa8098f9000-7fa80c000000 rw-p 00000000 00:00 0 
7fa80c000000-7fa80c021000 rw-p 00000000 00:00 0 
7fa80c021000-7fa810000000 ---p 00000000 00:00 0 
7fa81000b000-7fa8103d0000 rw-p 00000000 00:00 0 
7fa8103d0000-7fa811ea4000 ---p 00000000 00:00 0 
7fa811ea4000-7fa812170000 rw-p 00000000 00:00 0 
7fa812170000-7fa813c44000 ---p 00000000 00:00 0 
7fa813c44000-7fa813ca5000 rw-p 00000000 00:00 0 
7fa813ca5000-7fa813fff000 ---p 00000000 00:00 0 
7fa813fff000-7fa814000000 rw-p 00000000 00:00 0 
7fa814000000-7fa814021000 rw-p 00000000 00:00 0 
7fa814021000-7fa818000000 ---p 00000000 00:00 0 
7fa818011000-7fa818247000 rw-p 00000000 00:00 0 
7fa818247000-7fa8185a1000 ---p 00000000 00:00 0 
7fa8185a1000-7fa8185fb000 rw-p 00000000 00:00 0 
7fa8185fb000-7fa818955000 ---p 00000000 00:00 0 
7fa818955000-7fa818956000 rw-p 00000000 00:00 0 
7fa818956000-7fa818bc6000 rwxp 00000000 00:00 0 
7fa818bc6000-7fa818ee7000 ---p 00000000 00:00 0 
7fa818ee7000-7fa8195a7000 rwxp 00000000 00:00 0 
7fa8195a7000-7fa82041e000 ---p 00000000 00:00 0 
7fa82041e000-7fa82068e000 rwxp 00000000 00:00 0 
7fa82068e000-7fa827956000 ---p 00000000 00:00 0 
7fa827956000-7fa830000000 r--s 00000000 08:08 10630533                   /usr/lib/jvm/java-11-openjdk-amd64/lib/modules
7fa830000000-7fa8304f1000 rw-p 00000000 00:00 0 
7fa8304f1000-7fa834000000 ---p 00000000 00:00 0 
7fa83401b000-7fa83401d000 r--p 00000000 08:08 10630518                   /usr/lib/jvm/java-11-openjdk-amd64/lib/liblcms.so
7fa83401d000-7fa83401f000 r-xp 00002000 08:08 10630518                   /usr/lib/jvm/java-11-openjdk-amd64/lib/liblcms.so
7fa83401f000-7fa834020000 r--p 00004000 08:08 10630518                   /usr/lib/jvm/java-11-openjdk-amd64/lib/liblcms.so
7fa834020000-7fa834021000 r--p 00004000 08:08 10630518                   /usr/lib/jvm/java-11-openjdk-amd64/lib/liblcms.so
7fa834021000-7fa834022000 rw-p 00005000 08:08 10630518                   /usr/lib/jvm/java-11-openjdk-amd64/lib/liblcms.so
7fa834022000-7fa834026000 r--p 00000000 08:08 10630523                   /usr/lib/jvm/java-11-openjdk-amd64/lib/libnet.so
7fa834026000-7fa834035000 r-xp 00004000 08:08 10630523                   /usr/lib/jvm/java-11-openjdk-amd64/lib/libnet.so
7fa834035000-7fa834039000 r--p 00013000 08:08 10630523                   /usr/lib/jvm/java-11-openjdk-amd64/lib/libnet.so
7fa834039000-7fa83403a000 r--p 00016000 08:08 10630523                   /usr/lib/jvm/java-11-openjdk-amd64/lib/libnet.so
7fa83403a000-7fa83403b000 rw-p 00017000 08:08 10630523                   /usr/lib/jvm/java-11-openjdk-amd64/lib/libnet.so
7fa83403b000-7fa834042000 r--p 00000000 08:08 10630524                   /usr/lib/jvm/java-11-openjdk-amd64/lib/libnio.so
7fa834042000-7fa834049000 r-xp 00007000 08:08 10630524                   /usr/lib/jvm/java-11-openjdk-amd64/lib/libnio.so
7fa834049000-7fa83404c000 r--p 0000e000 08:08 10630524                   /usr/lib/jvm/java-11-openjdk-amd64/lib/libnio.so
7fa83404c000-7fa83404d000 r--p 00010000 08:08 10630524                   /usr/lib/jvm/java-11-openjdk-amd64/lib/libnio.so
7fa83404d000-7fa83404e000 rw-p 00011000 08:08 10630524                   /usr/lib/jvm/java-11-openjdk-amd64/lib/libnio.so
7fa83404e000-7fa83404f000 ---p 00000000 00:00 0 
7fa83404f000-7fa834150000 rw-p 00000000 00:00 0 
7fa834150000-7fa834151000 ---p 00000000 00:00 0 
7fa834151000-7fa834ad5000 rw-p 00000000 00:00 0 
7fa834ad5000-7fa834ad6000 ---p 00000000 00:00 0 
7fa834ad6000-7fa834bdc000 rw-p 00000000 00:00 0 
7fa834bdc000-7fa834cc2000 ---p 00000000 00:00 0 
7fa834cc2000-7fa834cd0000 rw-p 00000000 00:00 0 
7fa834cd0000-7fa834dad000 ---p 00000000 00:00 0 
7fa834dad000-7fa834db2000 rw-p 00000000 00:00 0 
7fa834db2000-7fa834db9000 ---p 00000000 00:00 0 
7fa834db9000-7fa834dbb000 r--p 00000000 08:08 10630515                   /usr/lib/jvm/java-11-openjdk-amd64/lib/libjimage.so
7fa834dbb000-7fa834dbe000 r-xp 00002000 08:08 10630515                   /usr/lib/jvm/java-11-openjdk-amd64/lib/libjimage.so
7fa834dbe000-7fa834dc0000 r--p 00005000 08:08 10630515                   /usr/lib/jvm/java-11-openjdk-amd64/lib/libjimage.so
7fa834dc0000-7fa834dc1000 r--p 00006000 08:08 10630515                   /usr/lib/jvm/java-11-openjdk-amd64/lib/libjimage.so
7fa834dc1000-7fa834dc2000 rw-p 00007000 08:08 10630515                   /usr/lib/jvm/java-11-openjdk-amd64/lib/libjimage.so
7fa834dc2000-7fa834dc5000 r--p 00000000 08:08 10626273                   /usr/lib/x86_64-linux-gnu/libnss_files-2.29.so
7fa834dc5000-7fa834dcc000 r-xp 00003000 08:08 10626273                   /usr/lib/x86_64-linux-gnu/libnss_files-2.29.so
7fa834dcc000-7fa834dce000 r--p 0000a000 08:08 10626273                   /usr/lib/x86_64-linux-gnu/libnss_files-2.29.so
7fa834dce000-7fa834dcf000 r--p 0000b000 08:08 10626273                   /usr/lib/x86_64-linux-gnu/libnss_files-2.29.so
7fa834dcf000-7fa834dd0000 rw-p 0000c000 08:08 10626273                   /usr/lib/x86_64-linux-gnu/libnss_files-2.29.so
7fa834dd0000-7fa834dd6000 rw-p 00000000 00:00 0 
7fa834ddb000-7fa834ddd000 r--p 00000000 08:08 10630532                   /usr/lib/jvm/java-11-openjdk-amd64/lib/libzip.so
7fa834ddd000-7fa834de1000 r-xp 00002000 08:08 10630532                   /usr/lib/jvm/java-11-openjdk-amd64/lib/libzip.so
7fa834de1000-7fa834de3000 r--p 00006000 08:08 10630532                   /usr/lib/jvm/java-11-openjdk-amd64/lib/libzip.so
7fa834de3000-7fa834de4000 r--p 00007000 08:08 10630532                   /usr/lib/jvm/java-11-openjdk-amd64/lib/libzip.so
7fa834de4000-7fa834de5000 rw-p 00008000 08:08 10630532                   /usr/lib/jvm/java-11-openjdk-amd64/lib/libzip.so
7fa834de5000-7fa834ded000 rw-s 00000000 08:08 6292899                    /tmp/hsperfdata_hishamalip/24186
7fa834ded000-7fa834dfa000 r--p 00000000 08:08 10630511                   /usr/lib/jvm/java-11-openjdk-amd64/lib/libjava.so
7fa834dfa000-7fa834e0f000 r-xp 0000d000 08:08 10630511                   /usr/lib/jvm/java-11-openjdk-amd64/lib/libjava.so
7fa834e0f000-7fa834e16000 r--p 00022000 08:08 10630511                   /usr/lib/jvm/java-11-openjdk-amd64/lib/libjava.so
7fa834e16000-7fa834e17000 r--p 00028000 08:08 10630511                   /usr/lib/jvm/java-11-openjdk-amd64/lib/libjava.so
7fa834e17000-7fa834e19000 rw-p 00029000 08:08 10630511                   /usr/lib/jvm/java-11-openjdk-amd64/lib/libjava.so
7fa834e19000-7fa834e1c000 r--p 00000000 08:08 10626491                   /usr/lib/x86_64-linux-gnu/librt-2.29.so
7fa834e1c000-7fa834e20000 r-xp 00003000 08:08 10626491                   /usr/lib/x86_64-linux-gnu/librt-2.29.so
7fa834e20000-7fa834e22000 r--p 00007000 08:08 10626491                   /usr/lib/x86_64-linux-gnu/librt-2.29.so
7fa834e22000-7fa834e23000 r--p 00008000 08:08 10626491                   /usr/lib/x86_64-linux-gnu/librt-2.29.so
7fa834e23000-7fa834e24000 rw-p 00009000 08:08 10626491                   /usr/lib/x86_64-linux-gnu/librt-2.29.so
7fa834e24000-7fa834e28000 ---p 00000000 00:00 0 
7fa834e28000-7fa834f25000 rw-p 00000000 00:00 0 
7fa834f25000-7fa834f28000 r--p 00000000 08:08 10617589                   /usr/lib/x86_64-linux-gnu/libgcc_s.so.1
7fa834f28000-7fa834f39000 r-xp 00003000 08:08 10617589                   /usr/lib/x86_64-linux-gnu/libgcc_s.so.1
7fa834f39000-7fa834f3d000 r--p 00014000 08:08 10617589                   /usr/lib/x86_64-linux-gnu/libgcc_s.so.1
7fa834f3d000-7fa834f3e000 r--p 00017000 08:08 10617589                   /usr/lib/x86_64-linux-gnu/libgcc_s.so.1
7fa834f3e000-7fa834f3f000 rw-p 00018000 08:08 10617589                   /usr/lib/x86_64-linux-gnu/libgcc_s.so.1
7fa834f3f000-7fa834f4e000 r--p 00000000 08:08 10626127                   /usr/lib/x86_64-linux-gnu/libm-2.29.so
7fa834f4e000-7fa834ff4000 r-xp 0000f000 08:08 10626127                   /usr/lib/x86_64-linux-gnu/libm-2.29.so
7fa834ff4000-7fa83508b000 r--p 000b5000 08:08 10626127                   /usr/lib/x86_64-linux-gnu/libm-2.29.so
7fa83508b000-7fa83508c000 r--p 0014b000 08:08 10626127                   /usr/lib/x86_64-linux-gnu/libm-2.29.so
7fa83508c000-7fa83508d000 rw-p 0014c000 08:08 10626127                   /usr/lib/x86_64-linux-gnu/libm-2.29.so
7fa83508d000-7fa835122000 r--p 00000000 08:08 10617820                   /usr/lib/x86_64-linux-gnu/libstdc++.so.6.0.26
7fa835122000-7fa835214000 r-xp 00095000 08:08 10617820                   /usr/lib/x86_64-linux-gnu/libstdc++.so.6.0.26
7fa835214000-7fa83525d000 r--p 00187000 08:08 10617820                   /usr/lib/x86_64-linux-gnu/libstdc++.so.6.0.26
7fa83525d000-7fa83525e000 ---p 001d0000 08:08 10617820                   /usr/lib/x86_64-linux-gnu/libstdc++.so.6.0.26
7fa83525e000-7fa835269000 r--p 001d0000 08:08 10617820                   /usr/lib/x86_64-linux-gnu/libstdc++.so.6.0.26
7fa835269000-7fa83526c000 rw-p 001db000 08:08 10617820                   /usr/lib/x86_64-linux-gnu/libstdc++.so.6.0.26
7fa83526c000-7fa83526f000 rw-p 00000000 00:00 0 
7fa83526f000-7fa8354de000 r--p 00000000 08:08 10884858                   /usr/lib/jvm/java-11-openjdk-amd64/lib/server/libjvm.so
7fa8354de000-7fa835ffe000 r-xp 0026f000 08:08 10884858                   /usr/lib/jvm/java-11-openjdk-amd64/lib/server/libjvm.so
7fa835ffe000-7fa836237000 r--p 00d8f000 08:08 10884858                   /usr/lib/jvm/java-11-openjdk-amd64/lib/server/libjvm.so
7fa836237000-7fa836238000 ---p 00fc8000 08:08 10884858                   /usr/lib/jvm/java-11-openjdk-amd64/lib/server/libjvm.so
7fa836238000-7fa8362f5000 r--p 00fc8000 08:08 10884858                   /usr/lib/jvm/java-11-openjdk-amd64/lib/server/libjvm.so
7fa8362f5000-7fa83632e000 rw-p 01085000 08:08 10884858                   /usr/lib/jvm/java-11-openjdk-amd64/lib/server/libjvm.so
7fa83632e000-7fa836386000 rw-p 00000000 00:00 0 
7fa836386000-7fa83638d000 r--p 00000000 08:08 10626425                   /usr/lib/x86_64-linux-gnu/libpthread-2.29.so
7fa83638d000-7fa83639c000 r-xp 00007000 08:08 10626425                   /usr/lib/x86_64-linux-gnu/libpthread-2.29.so
7fa83639c000-7fa8363a1000 r--p 00016000 08:08 10626425                   /usr/lib/x86_64-linux-gnu/libpthread-2.29.so
7fa8363a1000-7fa8363a2000 r--p 0001a000 08:08 10626425                   /usr/lib/x86_64-linux-gnu/libpthread-2.29.so
7fa8363a2000-7fa8363a3000 rw-p 0001b000 08:08 10626425                   /usr/lib/x86_64-linux-gnu/libpthread-2.29.so
7fa8363a3000-7fa8363a7000 rw-p 00000000 00:00 0 
7fa8363a7000-7fa8363a8000 r--p 00000000 08:08 10625590                   /usr/lib/x86_64-linux-gnu/libdl-2.29.so
7fa8363a8000-7fa8363aa000 r-xp 00001000 08:08 10625590                   /usr/lib/x86_64-linux-gnu/libdl-2.29.so
7fa8363aa000-7fa8363ab000 r--p 00003000 08:08 10625590                   /usr/lib/x86_64-linux-gnu/libdl-2.29.so
7fa8363ab000-7fa8363ac000 r--p 00003000 08:08 10625590                   /usr/lib/x86_64-linux-gnu/libdl-2.29.so
7fa8363ac000-7fa8363ad000 rw-p 00004000 08:08 10625590                   /usr/lib/x86_64-linux-gnu/libdl-2.29.so
7fa8363ad000-7fa8363af000 r--p 00000000 08:08 10626869                   /usr/lib/x86_64-linux-gnu/libz.so.1.2.11
7fa8363af000-7fa8363c0000 r-xp 00002000 08:08 10626869                   /usr/lib/x86_64-linux-gnu/libz.so.1.2.11
7fa8363c0000-7fa8363c6000 r--p 00013000 08:08 10626869                   /usr/lib/x86_64-linux-gnu/libz.so.1.2.11
7fa8363c6000-7fa8363c7000 ---p 00019000 08:08 10626869                   /usr/lib/x86_64-linux-gnu/libz.so.1.2.11
7fa8363c7000-7fa8363c8000 r--p 00019000 08:08 10626869                   /usr/lib/x86_64-linux-gnu/libz.so.1.2.11
7fa8363c8000-7fa8363c9000 rw-p 0001a000 08:08 10626869                   /usr/lib/x86_64-linux-gnu/libz.so.1.2.11
7fa8363c9000-7fa8363ee000 r--p 00000000 08:08 10625443                   /usr/lib/x86_64-linux-gnu/libc-2.29.so
7fa8363ee000-7fa836561000 r-xp 00025000 08:08 10625443                   /usr/lib/x86_64-linux-gnu/libc-2.29.so
7fa836561000-7fa8365aa000 r--p 00198000 08:08 10625443                   /usr/lib/x86_64-linux-gnu/libc-2.29.so
7fa8365aa000-7fa8365ad000 r--p 001e0000 08:08 10625443                   /usr/lib/x86_64-linux-gnu/libc-2.29.so
7fa8365ad000-7fa8365b0000 rw-p 001e3000 08:08 10625443                   /usr/lib/x86_64-linux-gnu/libc-2.29.so
7fa8365b0000-7fa8365b4000 rw-p 00000000 00:00 0 
7fa8365b6000-7fa8365b8000 r--s 00007000 08:08 265300                     /usr/share/java/java-atk-wrapper.jar
7fa8365b8000-7fa8365b9000 ---p 00000000 00:00 0 
7fa8365b9000-7fa8365ba000 r--p 00000000 00:00 0 
7fa8365ba000-7fa8365bf000 r--p 00000000 08:08 10630531                   /usr/lib/jvm/java-11-openjdk-amd64/lib/libverify.so
7fa8365bf000-7fa8365c6000 r-xp 00005000 08:08 10630531                   /usr/lib/jvm/java-11-openjdk-amd64/lib/libverify.so
7fa8365c6000-7fa8365c8000 r--p 0000c000 08:08 10630531                   /usr/lib/jvm/java-11-openjdk-amd64/lib/libverify.so
7fa8365c8000-7fa8365ca000 r--p 0000d000 08:08 10630531                   /usr/lib/jvm/java-11-openjdk-amd64/lib/libverify.so
7fa8365ca000-7fa8365cb000 rw-p 0000f000 08:08 10630531                   /usr/lib/jvm/java-11-openjdk-amd64/lib/libverify.so
7fa8365cb000-7fa8365ce000 r--p 00000000 08:08 10884853                   /usr/lib/jvm/java-11-openjdk-amd64/lib/jli/libjli.so
7fa8365ce000-7fa8365d8000 r-xp 00003000 08:08 10884853                   /usr/lib/jvm/java-11-openjdk-amd64/lib/jli/libjli.so
7fa8365d8000-7fa8365db000 r--p 0000d000 08:08 10884853                   /usr/lib/jvm/java-11-openjdk-amd64/lib/jli/libjli.so
7fa8365db000-7fa8365dc000 r--p 0000f000 08:08 10884853                   /usr/lib/jvm/java-11-openjdk-amd64/lib/jli/libjli.so
7fa8365dc000-7fa8365dd000 rw-p 00010000 08:08 10884853                   /usr/lib/jvm/java-11-openjdk-amd64/lib/jli/libjli.so
7fa8365dd000-7fa8365df000 rw-p 00000000 00:00 0 
7fa8365df000-7fa8365e0000 r--p 00000000 08:08 10625175                   /usr/lib/x86_64-linux-gnu/ld-2.29.so
7fa8365e0000-7fa836601000 r-xp 00001000 08:08 10625175                   /usr/lib/x86_64-linux-gnu/ld-2.29.so
7fa836601000-7fa836609000 r--p 00022000 08:08 10625175                   /usr/lib/x86_64-linux-gnu/ld-2.29.so
7fa836609000-7fa83660a000 r--p 00029000 08:08 10625175                   /usr/lib/x86_64-linux-gnu/ld-2.29.so
7fa83660a000-7fa83660b000 rw-p 0002a000 08:08 10625175                   /usr/lib/x86_64-linux-gnu/ld-2.29.so
7fa83660b000-7fa83660c000 rw-p 00000000 00:00 0 
7ffc9b4c1000-7ffc9b4e2000 rw-p 00000000 00:00 0                          [stack]
7ffc9b596000-7ffc9b599000 r--p 00000000 00:00 0                          [vvar]
7ffc9b599000-7ffc9b59a000 r-xp 00000000 00:00 0                          [vdso]
ffffffffff600000-ffffffffff601000 r-xp 00000000 00:00 0                  [vsyscall]


VM Arguments:
java_command: /home/hishamalip/.local/lib/python3.7/site-packages/tabula/tabula-1.0.3-jar-with-dependencies.jar --pages all --guess --format CSV --outfile s4.csv /home/hishamalip/Desktop/result_analysis/views/s4.pdf
java_class_path (initial): /home/hishamalip/.local/lib/python3.7/site-packages/tabula/tabula-1.0.3-jar-with-dependencies.jar
Launcher Type: SUN_STANDARD

[Global flags]
     intx CICompilerCount                          = 4                                         {product} {ergonomic}
     uint ConcGCThreads                            = 2                                         {product} {ergonomic}
     uint G1ConcRefinementThreads                  = 8                                         {product} {ergonomic}
   size_t G1HeapRegionSize                         = 1048576                                   {product} {ergonomic}
    uintx GCDrainStackTargetSize                   = 64                                        {product} {ergonomic}
   size_t InitialHeapSize                          = 125829120                                 {product} {ergonomic}
   size_t MarkStackSize                            = 4194304                                   {product} {ergonomic}
   size_t MaxHeapSize                              = 1988100096                                {product} {ergonomic}
   size_t MaxNewSize                               = 1192230912                                {product} {ergonomic}
   size_t MinHeapDeltaBytes                        = 1048576                                   {product} {ergonomic}
    uintx NonNMethodCodeHeapSize                   = 5835340                                {pd product} {ergonomic}
    uintx NonProfiledCodeHeapSize                  = 122911450                              {pd product} {ergonomic}
    uintx ProfiledCodeHeapSize                     = 122911450                              {pd product} {ergonomic}
    uintx ReservedCodeCacheSize                    = 251658240                              {pd product} {ergonomic}
     bool SegmentedCodeCache                       = true                                      {product} {ergonomic}
     bool UseCompressedClassPointers               = true                                 {lp64_product} {ergonomic}
     bool UseCompressedOops                        = true                                 {lp64_product} {ergonomic}
     bool UseG1GC                                  = true                                      {product} {ergonomic}

Logging:
Log output configuration:
 #0: stdout all=warning uptime,level,tags
 #1: stderr all=off uptime,level,tags

Environment Variables:
PATH=/home/hishamalip/bin:/home/hishamalip/anaconda3/condabin:/home/hishamalip/.local/bin:/usr/local/sbin:/usr/local/bin:/usr/sbin:/usr/bin:/sbin:/bin:/usr/games:/usr/local/games:/snap/bin
SHELL=/bin/bash
DISPLAY=:0.0

Signal Handlers:
SIGSEGV: [libjvm.so+0xd1cc80], sa_mask[0]=11111111011111111101111111111110, sa_flags=SA_RESTART|SA_SIGINFO
SIGBUS: [libjvm.so+0xd1cc80], sa_mask[0]=11111111011111111101111111111110, sa_flags=SA_RESTART|SA_SIGINFO
SIGFPE: [libjvm.so+0xd1cc80], sa_mask[0]=11111111011111111101111111111110, sa_flags=SA_RESTART|SA_SIGINFO
SIGPIPE: [libjvm.so+0xb239a0], sa_mask[0]=11111111011111111101111111111110, sa_flags=SA_RESTART|SA_SIGINFO
SIGXFSZ: [libjvm.so+0xb239a0], sa_mask[0]=11111111011111111101111111111110, sa_flags=SA_RESTART|SA_SIGINFO
SIGILL: [libjvm.so+0xd1cc80], sa_mask[0]=11111111011111111101111111111110, sa_flags=SA_RESTART|SA_SIGINFO
SIGUSR2: [libjvm.so+0xb23830], sa_mask[0]=00000000000000000000000000000000, sa_flags=SA_RESTART|SA_SIGINFO
SIGHUP: [libjvm.so+0xb23ce0], sa_mask[0]=11111111011111111101111111111110, sa_flags=SA_RESTART|SA_SIGINFO
SIGINT: [libjvm.so+0xb23ce0], sa_mask[0]=11111111011111111101111111111110, sa_flags=SA_RESTART|SA_SIGINFO
SIGTERM: [libjvm.so+0xb23ce0], sa_mask[0]=11111111011111111101111111111110, sa_flags=SA_RESTART|SA_SIGINFO
SIGQUIT: [libjvm.so+0xb23ce0], sa_mask[0]=11111111011111111101111111111110, sa_flags=SA_RESTART|SA_SIGINFO


---------------  S Y S T E M  ---------------

OS:DISTRIB_ID=Ubuntu
DISTRIB_RELEASE=19.04
DISTRIB_CODENAME=disco
DISTRIB_DESCRIPTION="Ubuntu 19.04"
uname:Linux 5.0.0-32-generic #34-Ubuntu SMP Wed Oct 2 02:06:48 UTC 2019 x86_64
libc:glibc 2.29 NPTL 2.29 
rlimit: STACK 8192k, CORE 0k, NPROC 29880, NOFILE 1048576, AS infinity, DATA infinity, FSIZE infinity
load average:2.24 1.19 0.70

/proc/meminfo:
MemTotal:        7763992 kB
MemFree:         1491740 kB
MemAvailable:    3718656 kB
Buffers:          284104 kB
Cached:          2127812 kB
SwapCached:            0 kB
Active:          4363192 kB
Inactive:        1224156 kB
Active(anon):    2968532 kB
Inactive(anon):   255192 kB
Active(file):    1394660 kB
Inactive(file):   968964 kB
Unevictable:          84 kB
Mlocked:              84 kB
SwapTotal:      12582908 kB
SwapFree:       12582908 kB
Dirty:               288 kB
Writeback:             4 kB
AnonPages:       3175600 kB
Mapped:           726548 kB
Shmem:            155344 kB
KReclaimable:     175332 kB
Slab:             339176 kB
SReclaimable:     175332 kB
SUnreclaim:       163844 kB
KernelStack:       18464 kB
PageTables:        62192 kB
NFS_Unstable:          0 kB
Bounce:                0 kB
WritebackTmp:          0 kB
CommitLimit:    16464904 kB
Committed_AS:   13116416 kB
VmallocTotal:   34359738367 kB
VmallocUsed:           0 kB
VmallocChunk:          0 kB
Percpu:            10368 kB
HardwareCorrupted:     0 kB
AnonHugePages:     63488 kB
ShmemHugePages:        0 kB
ShmemPmdMapped:        0 kB
CmaTotal:              0 kB
CmaFree:               0 kB
HugePages_Total:       0
HugePages_Free:        0
HugePages_Rsvd:        0
HugePages_Surp:        0
Hugepagesize:       2048 kB
Hugetlb:               0 kB
DirectMap4k:      539608 kB
DirectMap2M:     7380992 kB
DirectMap1G:           0 kB


/proc/sys/kernel/threads-max (system-wide limit on the number of threads):
59760


/proc/sys/vm/max_map_count (maximum number of memory map areas a process may have):
65530


/proc/sys/kernel/pid_max (system-wide limit on number of process identifiers):
32768



container (cgroup) information:
container_type: cgroupv1
cpu_cpuset_cpus: 0-7
cpu_memory_nodes: 0
active_processor_count: 8
cpu_quota: -1
cpu_period: 100000
cpu_shares: -1
memory_limit_in_bytes: -1
memory_and_swap_limit_in_bytes: -2
memory_soft_limit_in_bytes: -1
memory_usage_in_bytes: 5105823744
memory_max_usage_in_bytes: 5444636672

Steal ticks since vm start: 0
Steal ticks percentage since vm start:  0.000

CPU:total 8 (initial active 8) (8 cores per cpu, 2 threads per core) family 23 model 17 stepping 0, cmov, cx8, fxsr, mmx, sse, sse2, sse3, ssse3, sse4.1, sse4.2, popcnt, avx, avx2, aes, clmul, mmxext, 3dnowpref, lzcnt, sse4a, ht, tsc, tscinvbit, tscinv, bmi1, bmi2, adx, sha, fma
CPU Model and flags from /proc/cpuinfo:
model name	: AMD Ryzen 5 2500U with Radeon Vega Mobile Gfx
flags		: fpu vme de pse tsc msr pae mce cx8 apic sep mtrr pge mca cmov pat pse36 clflush mmx fxsr sse sse2 ht syscall nx mmxext fxsr_opt pdpe1gb rdtscp lm constant_tsc rep_good nopl nonstop_tsc cpuid extd_apicid aperfmperf pni pclmulqdq monitor ssse3 fma cx16 sse4_1 sse4_2 movbe popcnt aes xsave avx f16c rdrand lahf_lm cmp_legacy svm extapic cr8_legacy abm sse4a misalignsse 3dnowprefetch osvw skinit wdt tce topoext perfctr_core perfctr_nb bpext perfctr_llc mwaitx cpb hw_pstate sme ssbd sev ibpb vmmcall fsgsbase bmi1 avx2 smep bmi2 rdseed adx smap clflushopt sha_ni xsaveopt xsavec xgetbv1 xsaves clzero irperf xsaveerptr arat npt lbrv svm_lock nrip_save tsc_scale vmcb_clean flushbyasid decodeassists pausefilter pfthreshold avic v_vmsave_vmload vgif overflow_recov succor smca

Memory: 4k page, physical 7763992k(1491740k free), swap 12582908k(12582908k free)

vm_info: OpenJDK 64-Bit Server VM (11.0.4+11-post-Ubuntu-1ubuntu219.04) for linux-amd64 JRE (11.0.4+11-post-Ubuntu-1ubuntu219.04), built on Jul 18 2019 18:21:46 by "buildd" with gcc 8.3.0

END.
